\BOOKMARK [0][-]{chapter.1}{\376\377\000E\000x\000e\000c\000u\000t\000i\000v\000e\000\040\000E\000n\000g\000i\000n\000e\000e\000r\000i\000n\000g\000\040\000M\000a\000n\000d\000a\000t\000e}{}% 1
\BOOKMARK [1][-]{section.1.1}{\376\377\000T\000e\000c\000h\000n\000i\000c\000a\000l\000\040\000C\000o\000n\000t\000e\000x\000t\000\040\000a\000n\000d\000\040\000P\000r\000o\000b\000l\000e\000m\000\040\000S\000t\000a\000t\000e\000m\000e\000n\000t}{chapter.1}% 2
\BOOKMARK [1][-]{section.1.2}{\376\377\000C\000a\000u\000s\000a\000t\000i\000v\000e\000\040\000T\000e\000l\000e\000m\000e\000t\000r\000y\000\040\000D\000i\000s\000t\000o\000r\000t\000i\000o\000n}{chapter.1}% 3
\BOOKMARK [1][-]{section.1.3}{\376\377\000L\000i\000m\000i\000t\000a\000t\000i\000o\000n\000s\000\040\000o\000f\000\040\000E\000x\000i\000s\000t\000i\000n\000g\000\040\000S\000y\000s\000t\000e\000m\000s}{chapter.1}% 4
\BOOKMARK [2][-]{subsection.1.3.1}{\376\377\000N\000o\000n\000-\000D\000e\000t\000e\000r\000m\000i\000n\000i\000s\000t\000i\000c\000\040\000S\000e\000r\000i\000a\000l\000i\000z\000a\000t\000i\000o\000n\000\040\000a\000s\000\040\000a\000\040\000V\000i\000o\000l\000a\000t\000i\000o\000n\000\040\000o\000f\000\040\000E\000n\000c\000o\000d\000i\000n\000g\000\040\000I\000n\000v\000a\000r\000i\000a\000n\000c\000e}{section.1.3}% 5
\BOOKMARK [2][-]{subsection.1.3.2}{\376\377\000A\000b\000s\000e\000n\000c\000e\000\040\000o\000f\000\040\000C\000r\000y\000p\000t\000o\000g\000r\000a\000p\000h\000i\000c\000\040\000L\000i\000n\000e\000a\000g\000e\000\040\000a\000s\000\040\000a\000\040\000F\000a\000i\000l\000u\000r\000e\000\040\000o\000f\000\040\000T\000e\000m\000p\000o\000r\000a\000l\000\040\000I\000n\000t\000e\000g\000r\000i\000t\000y}{section.1.3}% 6
\BOOKMARK [2][-]{subsection.1.3.3}{\376\377\000S\000i\000n\000g\000l\000e\000-\000A\000c\000t\000o\000r\000\040\000T\000r\000u\000s\000t\000\040\000M\000o\000d\000e\000l\000s\000\040\000a\000s\000\040\000a\000\040\000F\000a\000i\000l\000u\000r\000e\000\040\000o\000f\000\040\000B\000y\000z\000a\000n\000t\000i\000n\000e\000\040\000R\000e\000s\000i\000l\000i\000e\000n\000c\000e}{section.1.3}% 7
\BOOKMARK [2][-]{subsection.1.3.4}{\376\377\000A\000b\000s\000e\000n\000c\000e\000\040\000o\000f\000\040\000S\000t\000a\000t\000e\000\040\000B\000i\000n\000d\000i\000n\000g\000\040\000a\000s\000\040\000a\000\040\000F\000a\000i\000l\000u\000r\000e\000\040\000o\000f\000\040\000S\000e\000m\000a\000n\000t\000i\000c\000\040\000C\000o\000n\000s\000i\000s\000t\000e\000n\000c\000y}{section.1.3}% 8
\BOOKMARK [2][-]{subsection.1.3.5}{\376\377\000I\000n\000a\000d\000e\000q\000u\000a\000t\000e\000\040\000R\000e\000p\000l\000a\000y\000\040\000a\000n\000d\000\040\000O\000m\000i\000s\000s\000i\000o\000n\000\040\000P\000r\000o\000t\000e\000c\000t\000i\000o\000n\000\040\000a\000s\000\040\000a\000\040\000F\000a\000i\000l\000u\000r\000e\000\040\000o\000f\000\040\000S\000e\000q\000u\000e\000n\000c\000e\000\040\000C\000o\000n\000s\000t\000r\000a\000i\000n\000t\000s}{section.1.3}% 9
\BOOKMARK [2][-]{subsection.1.3.6}{\376\377\000C\000o\000m\000p\000o\000s\000i\000t\000e\000\040\000F\000a\000i\000l\000u\000r\000e\000\040\000o\000f\000\040\000I\000n\000t\000e\000g\000r\000i\000t\000y\000\040\000I\000n\000v\000a\000r\000i\000a\000n\000t\000s}{section.1.3}% 10
\BOOKMARK [2][-]{subsection.1.3.7}{\376\377\000I\000m\000p\000l\000i\000c\000a\000t\000i\000o\000n\000s\000\040\000f\000o\000r\000\040\000S\000y\000s\000t\000e\000m\000\040\000B\000e\000h\000a\000v\000i\000o\000r}{section.1.3}% 11
\BOOKMARK [1][-]{section.1.4}{\376\377\000E\000n\000g\000i\000n\000e\000e\000r\000i\000n\000g\000\040\000R\000e\000q\000u\000i\000r\000e\000m\000e\000n\000t\000s}{chapter.1}% 12
\BOOKMARK [2][-]{subsection.1.4.1}{\376\377\000D\000e\000t\000e\000r\000m\000i\000n\000i\000s\000t\000i\000c\000\040\000R\000e\000p\000r\000e\000s\000e\000n\000t\000a\000t\000i\000o\000n\000\040\000C\000o\000n\000s\000t\000r\000a\000i\000n\000t}{section.1.4}% 13
\BOOKMARK [2][-]{subsection.1.4.2}{\376\377\000I\000m\000m\000u\000t\000a\000b\000l\000e\000\040\000L\000i\000n\000e\000a\000g\000e\000\040\000C\000o\000n\000s\000t\000r\000a\000i\000n\000t}{section.1.4}% 14
\BOOKMARK [2][-]{subsection.1.4.3}{\376\377\000S\000t\000a\000t\000e\000\040\000P\000r\000o\000v\000e\000n\000a\000n\000c\000e\000\040\000B\000i\000n\000d\000i\000n\000g\000\040\000C\000o\000n\000s\000t\000r\000a\000i\000n\000t}{section.1.4}% 15
\BOOKMARK [2][-]{subsection.1.4.4}{\376\377\000M\000u\000l\000t\000i\000-\000P\000a\000r\000t\000y\000\040\000V\000e\000r\000i\000f\000i\000c\000a\000t\000i\000o\000n\000\040\000C\000o\000n\000s\000t\000r\000a\000i\000n\000t}{section.1.4}% 16
\BOOKMARK [2][-]{subsection.1.4.5}{\376\377\000R\000e\000p\000l\000a\000y\000\040\000a\000n\000d\000\040\000O\000m\000i\000s\000s\000i\000o\000n\000\040\000R\000e\000s\000i\000s\000t\000a\000n\000c\000e\000\040\000C\000o\000n\000s\000t\000r\000a\000i\000n\000t}{section.1.4}% 17
\BOOKMARK [2][-]{subsection.1.4.6}{\376\377\000C\000r\000o\000s\000s\000-\000P\000l\000a\000t\000f\000o\000r\000m\000\040\000C\000o\000n\000s\000i\000s\000t\000e\000n\000c\000y\000\040\000C\000o\000n\000s\000t\000r\000a\000i\000n\000t}{section.1.4}% 18
\BOOKMARK [2][-]{subsection.1.4.7}{\376\377\000S\000c\000a\000l\000a\000b\000i\000l\000i\000t\000y\000\040\000C\000o\000n\000s\000t\000r\000a\000i\000n\000t}{section.1.4}% 19
\BOOKMARK [2][-]{subsection.1.4.8}{\376\377\000U\000n\000i\000f\000i\000e\000d\000\040\000I\000n\000t\000e\000g\000r\000i\000t\000y\000\040\000C\000o\000n\000d\000i\000t\000i\000o\000n}{section.1.4}% 20
\BOOKMARK [2][-]{subsection.1.4.9}{\376\377\000I\000m\000p\000l\000i\000c\000a\000t\000i\000o\000n\000s\000\040\000f\000o\000r\000\040\000S\000y\000s\000t\000e\000m\000\040\000D\000e\000s\000i\000g\000n}{section.1.4}% 21
\BOOKMARK [1][-]{section.1.5}{\376\377\000O\000v\000e\000r\000v\000i\000e\000w\000\040\000o\000f\000\040\000t\000h\000e\000\040\000D\000i\000s\000c\000l\000o\000s\000e\000d\000\040\000S\000o\000l\000u\000t\000i\000o\000n}{chapter.1}% 22
\BOOKMARK [1][-]{section.1.6}{\376\377\000S\000y\000s\000t\000e\000m\000\040\000A\000r\000c\000h\000i\000t\000e\000c\000t\000u\000r\000e\000\040\000O\000v\000e\000r\000v\000i\000e\000w}{chapter.1}% 23
\BOOKMARK [1][-]{section.1.7}{\376\377\000M\000i\000n\000i\000m\000a\000l\000\040\000V\000i\000a\000b\000l\000e\000\040\000I\000n\000t\000e\000g\000r\000i\000t\000y\000\040\000M\000o\000d\000e\000l}{chapter.1}% 24
\BOOKMARK [1][-]{section.1.8}{\376\377\000S\000c\000a\000l\000a\000b\000i\000l\000i\000t\000y\000\040\000a\000n\000d\000\040\000E\000x\000t\000e\000n\000s\000i\000b\000i\000l\000i\000t\000y}{chapter.1}% 25
\BOOKMARK [1][-]{section.1.9}{\376\377\000I\000n\000d\000u\000s\000t\000r\000i\000a\000l\000\040\000A\000p\000p\000l\000i\000c\000a\000b\000i\000l\000i\000t\000y}{chapter.1}% 26
\BOOKMARK [1][-]{section.1.10}{\376\377\000S\000u\000m\000m\000a\000r\000y\000\040\000o\000f\000\040\000C\000o\000n\000t\000r\000i\000b\000u\000t\000i\000o\000n}{chapter.1}% 27
\BOOKMARK [0][-]{chapter.2}{\376\377\000C\000r\000y\000p\000t\000o\000g\000r\000a\000p\000h\000i\000c\000\040\000C\000o\000r\000e}{}% 28
\BOOKMARK [1][-]{section.2.1}{\376\377\000O\000v\000e\000r\000v\000i\000e\000w}{chapter.2}% 29
\BOOKMARK [1][-]{section.2.2}{\376\377\000D\000e\000t\000e\000r\000m\000i\000n\000i\000s\000t\000i\000c\000\040\000S\000e\000r\000i\000a\000l\000i\000z\000a\000t\000i\000o\000n\000\040\000L\000a\000y\000e\000r}{chapter.2}% 30
\BOOKMARK [2][-]{subsection.2.2.1}{\376\377\000F\000o\000r\000m\000a\000l\000\040\000D\000e\000f\000i\000n\000i\000t\000i\000o\000n\000\040\000o\000f\000\040\000S\000e\000r\000i\000a\000l\000i\000z\000a\000t\000i\000o\000n}{section.2.2}% 31
\BOOKMARK [2][-]{subsection.2.2.2}{\376\377\000N\000o\000n\000-\000D\000e\000t\000e\000r\000m\000i\000n\000i\000s\000m\000\040\000i\000n\000\040\000C\000o\000n\000v\000e\000n\000t\000i\000o\000n\000a\000l\000\040\000S\000e\000r\000i\000a\000l\000i\000z\000a\000t\000i\000o\000n}{section.2.2}% 32
\BOOKMARK [2][-]{subsection.2.2.3}{\376\377\000C\000a\000n\000o\000n\000i\000c\000a\000l\000\040\000S\000e\000r\000i\000a\000l\000i\000z\000a\000t\000i\000o\000n\000\040\000C\000o\000n\000s\000t\000r\000u\000c\000t\000i\000o\000n}{section.2.2}% 33
\BOOKMARK [2][-]{subsection.2.2.4}{\376\377\000D\000e\000t\000e\000r\000m\000i\000n\000i\000s\000m\000\040\000T\000h\000e\000o\000r\000e\000m}{section.2.2}% 34
\BOOKMARK [2][-]{subsection.2.2.5}{\376\377\000C\000r\000o\000s\000s\000-\000P\000l\000a\000t\000f\000o\000r\000m\000\040\000C\000o\000n\000s\000i\000s\000t\000e\000n\000c\000y}{section.2.2}% 35
\BOOKMARK [2][-]{subsection.2.2.6}{\376\377\000S\000t\000a\000b\000i\000l\000i\000t\000y\000\040\000U\000n\000d\000e\000r\000\040\000P\000e\000r\000t\000u\000r\000b\000a\000t\000i\000o\000n}{section.2.2}% 36
\BOOKMARK [2][-]{subsection.2.2.7}{\376\377\000E\000n\000t\000r\000o\000p\000y\000\040\000P\000r\000e\000s\000e\000r\000v\000a\000t\000i\000o\000n}{section.2.2}% 37
\BOOKMARK [2][-]{subsection.2.2.8}{\376\377\000I\000m\000p\000l\000i\000c\000a\000t\000i\000o\000n\000s\000\040\000f\000o\000r\000\040\000C\000r\000y\000p\000t\000o\000g\000r\000a\000p\000h\000i\000c\000\040\000P\000r\000o\000c\000e\000s\000s\000i\000n\000g}{section.2.2}% 38
\BOOKMARK [1][-]{section.2.3}{\376\377\000C\000r\000y\000p\000t\000o\000g\000r\000a\000p\000h\000i\000c\000\040\000H\000a\000s\000h\000i\000n\000g\000\040\000L\000a\000y\000e\000r}{chapter.2}% 39
\BOOKMARK [2][-]{subsection.2.3.1}{\376\377\000P\000r\000e\000i\000m\000a\000g\000e\000\040\000R\000e\000s\000i\000s\000t\000a\000n\000c\000e}{section.2.3}% 40
\BOOKMARK [2][-]{subsection.2.3.2}{\376\377\000S\000e\000c\000o\000n\000d\000-\000P\000r\000e\000i\000m\000a\000g\000e\000\040\000R\000e\000s\000i\000s\000t\000a\000n\000c\000e}{section.2.3}% 41
\BOOKMARK [2][-]{subsection.2.3.3}{\376\377\000C\000o\000l\000l\000i\000s\000i\000o\000n\000\040\000R\000e\000s\000i\000s\000t\000a\000n\000c\000e}{section.2.3}% 42
\BOOKMARK [2][-]{subsection.2.3.4}{\376\377\000C\000o\000n\000t\000e\000n\000t\000\040\000H\000a\000s\000h\000\040\000D\000e\000f\000i\000n\000i\000t\000i\000o\000n}{section.2.3}% 43
\BOOKMARK [2][-]{subsection.2.3.5}{\376\377\000A\000v\000a\000l\000a\000n\000c\000h\000e\000\040\000P\000r\000o\000p\000e\000r\000t\000y\000\040\000a\000n\000d\000\040\000S\000e\000n\000s\000i\000t\000i\000v\000i\000t\000y\000\040\000A\000m\000p\000l\000i\000f\000i\000c\000a\000t\000i\000o\000n}{section.2.3}% 44
\BOOKMARK [2][-]{subsection.2.3.6}{\376\377\000A\000d\000v\000e\000r\000s\000a\000r\000i\000a\000l\000\040\000M\000o\000d\000e\000l}{section.2.3}% 45
\BOOKMARK [2][-]{subsection.2.3.7}{\376\377\000H\000a\000s\000h\000\040\000F\000u\000n\000c\000t\000i\000o\000n\000\040\000a\000s\000\040\000a\000\040\000R\000a\000n\000d\000o\000m\000\040\000O\000r\000a\000c\000l\000e\000\040\000A\000p\000p\000r\000o\000x\000i\000m\000a\000t\000i\000o\000n}{section.2.3}% 46
\BOOKMARK [2][-]{subsection.2.3.8}{\376\377\000E\000n\000t\000r\000o\000p\000y\000\040\000C\000o\000m\000p\000r\000e\000s\000s\000i\000o\000n\000\040\000a\000n\000d\000\040\000I\000n\000f\000o\000r\000m\000a\000t\000i\000o\000n\000\040\000P\000r\000e\000s\000e\000r\000v\000a\000t\000i\000o\000n}{section.2.3}% 47
\BOOKMARK [2][-]{subsection.2.3.9}{\376\377\000C\000o\000m\000p\000o\000s\000i\000t\000i\000o\000n\000a\000l\000\040\000I\000n\000t\000e\000g\000r\000i\000t\000y\000\040\000w\000i\000t\000h\000\040\000S\000e\000r\000i\000a\000l\000i\000z\000a\000t\000i\000o\000n}{section.2.3}% 48
\BOOKMARK [2][-]{subsection.2.3.10}{\376\377\000R\000o\000b\000u\000s\000t\000n\000e\000s\000s\000\040\000A\000g\000a\000i\000n\000s\000t\000\040\000S\000t\000r\000u\000c\000t\000u\000r\000a\000l\000\040\000A\000t\000t\000a\000c\000k\000s}{section.2.3}% 49
\BOOKMARK [2][-]{subsection.2.3.11}{\376\377\000I\000m\000p\000l\000i\000c\000a\000t\000i\000o\000n\000s\000\040\000f\000o\000r\000\040\000L\000i\000n\000e\000a\000g\000e\000\040\000C\000o\000n\000s\000t\000r\000u\000c\000t\000i\000o\000n}{section.2.3}% 50
\BOOKMARK [1][-]{section.2.4}{\376\377\000M\000e\000r\000k\000l\000e\000-\000L\000i\000n\000e\000a\000g\000e\000\040\000C\000o\000n\000s\000t\000r\000u\000c\000t\000i\000o\000n}{chapter.2}% 51
\BOOKMARK [2][-]{subsection.2.4.1}{\376\377\000L\000i\000n\000e\000a\000g\000e\000\040\000a\000s\000\040\000a\000\040\000C\000r\000y\000p\000t\000o\000g\000r\000a\000p\000h\000i\000c\000\040\000S\000t\000a\000t\000e\000\040\000M\000a\000c\000h\000i\000n\000e}{section.2.4}% 52
\BOOKMARK [2][-]{subsection.2.4.2}{\376\377\000F\000o\000r\000w\000a\000r\000d\000\040\000I\000n\000t\000e\000g\000r\000i\000t\000y\000\040\000P\000r\000o\000p\000e\000r\000t\000y}{section.2.4}% 53
\BOOKMARK [2][-]{subsection.2.4.3}{\376\377\000T\000a\000m\000p\000e\000r\000\040\000P\000r\000o\000p\000a\000g\000a\000t\000i\000o\000n\000\040\000a\000n\000d\000\040\000D\000e\000t\000e\000c\000t\000i\000o\000n}{section.2.4}% 54
\BOOKMARK [2][-]{subsection.2.4.4}{\376\377\000R\000e\000s\000i\000s\000t\000a\000n\000c\000e\000\040\000t\000o\000\040\000T\000r\000u\000n\000c\000a\000t\000i\000o\000n\000\040\000A\000t\000t\000a\000c\000k\000s}{section.2.4}% 55
\BOOKMARK [2][-]{subsection.2.4.5}{\376\377\000R\000e\000s\000i\000s\000t\000a\000n\000c\000e\000\040\000t\000o\000\040\000R\000e\000o\000r\000d\000e\000r\000i\000n\000g\000\040\000A\000t\000t\000a\000c\000k\000s}{section.2.4}% 56
\BOOKMARK [2][-]{subsection.2.4.6}{\376\377\000U\000n\000i\000q\000u\000e\000n\000e\000s\000s\000\040\000o\000f\000\040\000L\000i\000n\000e\000a\000g\000e\000\040\000R\000e\000p\000r\000e\000s\000e\000n\000t\000a\000t\000i\000o\000n}{section.2.4}% 57
\BOOKMARK [2][-]{subsection.2.4.7}{\376\377\000R\000e\000l\000a\000t\000i\000o\000n\000\040\000t\000o\000\040\000M\000e\000r\000k\000l\000e\000\040\000S\000t\000r\000u\000c\000t\000u\000r\000e\000s}{section.2.4}% 58
\BOOKMARK [2][-]{subsection.2.4.8}{\376\377\000C\000o\000m\000p\000o\000s\000a\000b\000i\000l\000i\000t\000y\000\040\000o\000f\000\040\000L\000i\000n\000e\000a\000g\000e}{section.2.4}% 59
\BOOKMARK [2][-]{subsection.2.4.9}{\376\377\000E\000n\000t\000r\000o\000p\000y\000\040\000A\000c\000c\000u\000m\000u\000l\000a\000t\000i\000o\000n}{section.2.4}% 60
\BOOKMARK [2][-]{subsection.2.4.10}{\376\377\000I\000m\000p\000l\000i\000c\000a\000t\000i\000o\000n\000s\000\040\000f\000o\000r\000\040\000S\000y\000s\000t\000e\000m\000\040\000I\000n\000t\000e\000g\000r\000i\000t\000y}{section.2.4}% 61
\BOOKMARK [1][-]{section.2.5}{\376\377\000P\000r\000o\000o\000f\000\040\000o\000f\000\040\000R\000e\000f\000l\000e\000x\000i\000o\000n\000\040\000\050\000P\000o\000R\000\051}{chapter.2}% 62
\BOOKMARK [2][-]{subsection.2.5.1}{\376\377\000F\000o\000r\000m\000a\000l\000\040\000D\000e\000f\000i\000n\000i\000t\000i\000o\000n\000\040\000o\000f\000\040\000R\000e\000f\000l\000e\000x\000i\000v\000e\000\040\000B\000i\000n\000d\000i\000n\000g}{section.2.5}% 63
\BOOKMARK [2][-]{subsection.2.5.2}{\376\377\000V\000e\000r\000i\000f\000i\000c\000a\000t\000i\000o\000n\000\040\000C\000o\000n\000d\000i\000t\000i\000o\000n}{section.2.5}% 64
\BOOKMARK [2][-]{subsection.2.5.3}{\376\377\000S\000t\000a\000t\000e\000\040\000C\000o\000n\000s\000i\000s\000t\000e\000n\000c\000y\000\040\000G\000u\000a\000r\000a\000n\000t\000e\000e}{section.2.5}% 65
\BOOKMARK [2][-]{subsection.2.5.4}{\376\377\000U\000n\000f\000o\000r\000g\000e\000a\000b\000i\000l\000i\000t\000y\000\040\000T\000h\000e\000o\000r\000e\000m}{section.2.5}% 66
\BOOKMARK [2][-]{subsection.2.5.5}{\376\377\000R\000e\000s\000i\000s\000t\000a\000n\000c\000e\000\040\000t\000o\000\040\000S\000t\000a\000t\000e\000\040\000S\000u\000b\000s\000t\000i\000t\000u\000t\000i\000o\000n\000\040\000A\000t\000t\000a\000c\000k\000s}{section.2.5}% 67
\BOOKMARK [2][-]{subsection.2.5.6}{\376\377\000B\000i\000n\000d\000i\000n\000g\000\040\000S\000t\000r\000e\000n\000g\000t\000h\000\040\000A\000n\000a\000l\000y\000s\000i\000s}{section.2.5}% 68
\BOOKMARK [2][-]{subsection.2.5.7}{\376\377\000E\000x\000t\000e\000n\000s\000i\000o\000n\000\040\000t\000o\000\040\000T\000h\000r\000e\000s\000h\000o\000l\000d\000\040\000P\000r\000o\000o\000f\000s}{section.2.5}% 69
\BOOKMARK [2][-]{subsection.2.5.8}{\376\377\000S\000e\000p\000a\000r\000a\000t\000i\000o\000n\000\040\000f\000r\000o\000m\000\040\000C\000l\000a\000s\000s\000i\000c\000a\000l\000\040\000S\000i\000g\000n\000a\000t\000u\000r\000e\000s}{section.2.5}% 70
\BOOKMARK [2][-]{subsection.2.5.9}{\376\377\000R\000e\000f\000l\000e\000x\000i\000v\000e\000\040\000I\000n\000t\000e\000g\000r\000i\000t\000y\000\040\000C\000o\000n\000d\000i\000t\000i\000o\000n}{section.2.5}% 71
\BOOKMARK [2][-]{subsection.2.5.10}{\376\377\000I\000m\000p\000l\000i\000c\000a\000t\000i\000o\000n\000s\000\040\000f\000o\000r\000\040\000S\000y\000s\000t\000e\000m\000\040\000S\000e\000c\000u\000r\000i\000t\000y}{section.2.5}% 72
\BOOKMARK [1][-]{section.2.6}{\376\377\000U\000n\000i\000f\000i\000e\000d\000\040\000I\000n\000t\000e\000g\000r\000i\000t\000y\000\040\000M\000o\000d\000e\000l\000\040\000a\000n\000d\000\040\000S\000e\000c\000u\000r\000i\000t\000y\000\040\000C\000o\000m\000p\000o\000s\000i\000t\000i\000o\000n}{chapter.2}% 73
\BOOKMARK [2][-]{subsection.2.6.1}{\376\377\000C\000o\000m\000p\000o\000s\000i\000t\000e\000\040\000V\000a\000l\000i\000d\000i\000t\000y\000\040\000C\000o\000n\000d\000i\000t\000i\000o\000n}{section.2.6}% 74
\BOOKMARK [2][-]{subsection.2.6.2}{\376\377\000G\000l\000o\000b\000a\000l\000\040\000I\000n\000t\000e\000g\000r\000i\000t\000y\000\040\000T\000h\000e\000o\000r\000e\000m}{section.2.6}% 75
\BOOKMARK [2][-]{subsection.2.6.3}{\376\377\000E\000l\000i\000m\000i\000n\000a\000t\000i\000o\000n\000\040\000o\000f\000\040\000t\000h\000e\000\040\000P\000e\000r\000t\000u\000r\000b\000a\000t\000i\000o\000n\000\040\000C\000h\000a\000n\000n\000e\000l}{section.2.6}% 76
\BOOKMARK [2][-]{subsection.2.6.4}{\376\377\000S\000e\000c\000u\000r\000i\000t\000y\000\040\000R\000e\000d\000u\000c\000t\000i\000o\000n}{section.2.6}% 77
\BOOKMARK [2][-]{subsection.2.6.5}{\376\377\000M\000i\000n\000i\000m\000a\000l\000\040\000I\000n\000t\000e\000g\000r\000i\000t\000y\000\040\000C\000o\000m\000p\000o\000s\000i\000t\000i\000o\000n}{section.2.6}% 78
\BOOKMARK [2][-]{subsection.2.6.6}{\376\377\000C\000o\000m\000p\000o\000s\000i\000t\000i\000o\000n\000a\000l\000\040\000C\000l\000o\000s\000u\000r\000e}{section.2.6}% 79
\BOOKMARK [2][-]{subsection.2.6.7}{\376\377\000F\000i\000n\000a\000l\000\040\000I\000n\000t\000e\000g\000r\000i\000t\000y\000\040\000I\000n\000v\000a\000r\000i\000a\000n\000t}{section.2.6}% 80
\BOOKMARK [2][-]{subsection.2.6.8}{\376\377\000C\000o\000n\000c\000l\000u\000s\000i\000o\000n}{section.2.6}% 81
\BOOKMARK [0][-]{chapter.3}{\376\377\000Z\000e\000r\000o\000-\000T\000r\000u\000s\000t\000\040\000I\000n\000g\000e\000s\000t\000i\000o\000n}{}% 82
\BOOKMARK [1][-]{section.3.1}{\376\377\000O\000v\000e\000r\000v\000i\000e\000w}{chapter.3}% 83
\BOOKMARK [1][-]{section.3.2}{\376\377\000A\000d\000v\000e\000r\000s\000a\000r\000i\000a\000l\000\040\000M\000o\000d\000e\000l}{chapter.3}% 84
\BOOKMARK [1][-]{section.3.3}{\376\377\000Z\000e\000r\000o\000-\000T\000r\000u\000s\000t\000\040\000P\000r\000i\000n\000c\000i\000p\000l\000e}{chapter.3}% 85
\BOOKMARK [1][-]{section.3.4}{\376\377\000M\000u\000l\000t\000i\000-\000P\000a\000r\000t\000y\000\040\000V\000e\000r\000i\000f\000i\000c\000a\000t\000i\000o\000n\000\040\000M\000o\000d\000e\000l}{chapter.3}% 86
\BOOKMARK [1][-]{section.3.5}{\376\377\000C\000o\000r\000r\000e\000c\000t\000n\000e\000s\000s\000\040\000o\000f\000\040\000T\000h\000r\000e\000s\000h\000o\000l\000d\000\040\000V\000e\000r\000i\000f\000i\000c\000a\000t\000i\000o\000n}{chapter.3}% 87
\BOOKMARK [1][-]{section.3.6}{\376\377\000B\000y\000z\000a\000n\000t\000i\000n\000e\000\040\000F\000a\000u\000l\000t\000\040\000M\000o\000d\000e\000l}{chapter.3}% 88
\BOOKMARK [1][-]{section.3.7}{\376\377\000I\000n\000g\000e\000s\000t\000i\000o\000n\000\040\000S\000t\000a\000t\000e\000\040\000T\000r\000a\000n\000s\000i\000t\000i\000o\000n}{chapter.3}% 89
\BOOKMARK [1][-]{section.3.8}{\376\377\000R\000e\000j\000e\000c\000t\000i\000o\000n\000\040\000a\000s\000\040\000D\000e\000f\000a\000u\000l\000t\000\040\000B\000e\000h\000a\000v\000i\000o\000r}{chapter.3}% 90
\BOOKMARK [1][-]{section.3.9}{\376\377\000I\000m\000p\000l\000i\000c\000a\000t\000i\000o\000n\000s\000\040\000f\000o\000r\000\040\000S\000e\000c\000u\000r\000i\000t\000y}{chapter.3}% 91
\BOOKMARK [1][-]{section.3.10}{\376\377\000T\000h\000r\000e\000s\000h\000o\000l\000d\000\040\000C\000r\000y\000p\000t\000o\000g\000r\000a\000p\000h\000y\000\040\000a\000n\000d\000\040\000D\000i\000s\000t\000r\000i\000b\000u\000t\000e\000d\000\040\000P\000r\000o\000o\000f\000\040\000A\000g\000g\000r\000e\000g\000a\000t\000i\000o\000n}{chapter.3}% 92
\BOOKMARK [2][-]{subsection.3.10.1}{\376\377\000T\000h\000r\000e\000s\000h\000o\000l\000d\000\040\000S\000i\000g\000n\000a\000t\000u\000r\000e\000\040\000M\000o\000d\000e\000l}{section.3.10}% 93
\BOOKMARK [2][-]{subsection.3.10.2}{\376\377\000A\000p\000p\000l\000i\000c\000a\000t\000i\000o\000n\000\040\000t\000o\000\040\000P\000r\000o\000o\000f\000\040\000o\000f\000\040\000R\000e\000f\000l\000e\000x\000i\000o\000n}{section.3.10}% 94
\BOOKMARK [2][-]{subsection.3.10.3}{\376\377\000C\000o\000r\000r\000e\000c\000t\000n\000e\000s\000s\000\040\000P\000r\000o\000p\000e\000r\000t\000y}{section.3.10}% 95
\BOOKMARK [2][-]{subsection.3.10.4}{\376\377\000U\000n\000f\000o\000r\000g\000e\000a\000b\000i\000l\000i\000t\000y\000\040\000U\000n\000d\000e\000r\000\040\000T\000h\000r\000e\000s\000h\000o\000l\000d}{section.3.10}% 96
\BOOKMARK [2][-]{subsection.3.10.5}{\376\377\000R\000o\000b\000u\000s\000t\000n\000e\000s\000s\000\040\000A\000g\000a\000i\000n\000s\000t\000\040\000C\000o\000l\000l\000u\000s\000i\000o\000n}{section.3.10}% 97
\BOOKMARK [2][-]{subsection.3.10.6}{\376\377\000S\000o\000u\000n\000d\000n\000e\000s\000s\000\040\000o\000f\000\040\000V\000e\000r\000i\000f\000i\000c\000a\000t\000i\000o\000n}{section.3.10}% 98
\BOOKMARK [2][-]{subsection.3.10.7}{\376\377\000A\000g\000g\000r\000e\000g\000a\000t\000i\000o\000n\000\040\000L\000i\000n\000e\000a\000r\000i\000t\000y\000\040\000a\000n\000d\000\040\000E\000f\000f\000i\000c\000i\000e\000n\000c\000y}{section.3.10}% 99
\BOOKMARK [2][-]{subsection.3.10.8}{\376\377\000R\000e\000s\000i\000s\000t\000a\000n\000c\000e\000\040\000t\000o\000\040\000R\000e\000p\000l\000a\000y\000\040\000A\000t\000t\000a\000c\000k\000s}{section.3.10}% 100
\BOOKMARK [2][-]{subsection.3.10.9}{\376\377\000C\000o\000n\000s\000i\000s\000t\000e\000n\000c\000y\000\040\000A\000c\000r\000o\000s\000s\000\040\000V\000a\000l\000i\000d\000a\000t\000o\000r\000s}{section.3.10}% 101
\BOOKMARK [2][-]{subsection.3.10.10}{\376\377\000I\000n\000t\000e\000g\000r\000a\000t\000i\000o\000n\000\040\000w\000i\000t\000h\000\040\000I\000n\000g\000e\000s\000t\000i\000o\000n\000\040\000P\000i\000p\000e\000l\000i\000n\000e}{section.3.10}% 102
\BOOKMARK [2][-]{subsection.3.10.11}{\376\377\000L\000a\000t\000e\000n\000c\000y\000\040\000a\000n\000d\000\040\000P\000a\000r\000a\000l\000l\000e\000l\000i\000s\000m}{section.3.10}% 103
\BOOKMARK [2][-]{subsection.3.10.12}{\376\377\000S\000e\000c\000u\000r\000i\000t\000y\000\040\000B\000o\000u\000n\000d}{section.3.10}% 104
\BOOKMARK [2][-]{subsection.3.10.13}{\376\377\000C\000o\000n\000c\000l\000u\000s\000i\000o\000n}{section.3.10}% 105
\BOOKMARK [1][-]{section.3.11}{\376\377\000I\000n\000g\000e\000s\000t\000i\000o\000n\000\040\000C\000o\000n\000s\000i\000s\000t\000e\000n\000c\000y\000,\000\040\000O\000r\000d\000e\000r\000i\000n\000g\000,\000\040\000a\000n\000d\000\040\000D\000e\000t\000e\000r\000m\000i\000n\000i\000s\000t\000i\000c\000\040\000A\000c\000c\000e\000p\000t\000a\000n\000c\000e}{chapter.3}% 106
\BOOKMARK [2][-]{subsection.3.11.1}{\376\377\000T\000e\000m\000p\000o\000r\000a\000l\000\040\000O\000r\000d\000e\000r\000i\000n\000g\000\040\000M\000o\000d\000e\000l}{section.3.11}% 107
\BOOKMARK [2][-]{subsection.3.11.2}{\376\377\000S\000e\000q\000u\000e\000n\000t\000i\000a\000l\000\040\000C\000o\000n\000s\000i\000s\000t\000e\000n\000c\000y\000\040\000I\000n\000v\000a\000r\000i\000a\000n\000t}{section.3.11}% 108
\BOOKMARK [2][-]{subsection.3.11.3}{\376\377\000D\000e\000t\000e\000r\000m\000i\000n\000i\000s\000t\000i\000c\000\040\000A\000c\000c\000e\000p\000t\000a\000n\000c\000e\000\040\000F\000u\000n\000c\000t\000i\000o\000n}{section.3.11}% 109
\BOOKMARK [2][-]{subsection.3.11.4}{\376\377\000C\000o\000n\000c\000u\000r\000r\000e\000n\000c\000y\000\040\000M\000o\000d\000e\000l}{section.3.11}% 110
\BOOKMARK [2][-]{subsection.3.11.5}{\376\377\000D\000e\000t\000e\000r\000m\000i\000n\000i\000s\000t\000i\000c\000\040\000C\000o\000n\000f\000l\000i\000c\000t\000\040\000R\000e\000s\000o\000l\000u\000t\000i\000o\000n}{section.3.11}% 111
\BOOKMARK [2][-]{subsection.3.11.6}{\376\377\000R\000e\000s\000i\000s\000t\000a\000n\000c\000e\000\040\000t\000o\000\040\000R\000e\000o\000r\000d\000e\000r\000i\000n\000g\000\040\000A\000t\000t\000a\000c\000k\000s}{section.3.11}% 112
\BOOKMARK [2][-]{subsection.3.11.7}{\376\377\000G\000a\000p\000\040\000D\000e\000t\000e\000c\000t\000i\000o\000n\000\040\000a\000n\000d\000\040\000C\000o\000n\000t\000i\000n\000u\000i\000t\000y\000\040\000E\000n\000f\000o\000r\000c\000e\000m\000e\000n\000t}{section.3.11}% 113
\BOOKMARK [2][-]{subsection.3.11.8}{\376\377\000R\000e\000p\000l\000a\000y\000\040\000A\000t\000t\000a\000c\000k\000\040\000P\000r\000e\000v\000e\000n\000t\000i\000o\000n}{section.3.11}% 114
\BOOKMARK [2][-]{subsection.3.11.9}{\376\377\000G\000l\000o\000b\000a\000l\000\040\000D\000e\000t\000e\000r\000m\000i\000n\000i\000s\000m\000\040\000T\000h\000e\000o\000r\000e\000m}{section.3.11}% 115
\BOOKMARK [2][-]{subsection.3.11.10}{\376\377\000C\000o\000n\000s\000i\000s\000t\000e\000n\000c\000y\000\040\000U\000n\000d\000e\000r\000\040\000N\000e\000t\000w\000o\000r\000k\000\040\000D\000e\000l\000a\000y}{section.3.11}% 116
\BOOKMARK [2][-]{subsection.3.11.11}{\376\377\000C\000o\000n\000v\000e\000r\000g\000e\000n\000c\000e\000\040\000P\000r\000o\000p\000e\000r\000t\000y}{section.3.11}% 117
\BOOKMARK [2][-]{subsection.3.11.12}{\376\377\000I\000n\000t\000e\000g\000r\000a\000t\000i\000o\000n\000\040\000w\000i\000t\000h\000\040\000T\000h\000r\000e\000s\000h\000o\000l\000d\000\040\000V\000e\000r\000i\000f\000i\000c\000a\000t\000i\000o\000n}{section.3.11}% 118
\BOOKMARK [2][-]{subsection.3.11.13}{\376\377\000F\000i\000n\000a\000l\000\040\000O\000r\000d\000e\000r\000i\000n\000g\000\040\000I\000n\000v\000a\000r\000i\000a\000n\000t}{section.3.11}% 119
\BOOKMARK [2][-]{subsection.3.11.14}{\376\377\000C\000o\000n\000c\000l\000u\000s\000i\000o\000n}{section.3.11}% 120
\BOOKMARK [1][-]{section.3.12}{\376\377\000U\000n\000i\000f\000i\000e\000d\000\040\000I\000n\000g\000e\000s\000t\000i\000o\000n\000\040\000I\000n\000t\000e\000g\000r\000i\000t\000y\000\040\000a\000n\000d\000\040\000E\000n\000d\000-\000t\000o\000-\000E\000n\000d\000\040\000S\000e\000c\000u\000r\000i\000t\000y\000\040\000C\000o\000m\000p\000o\000s\000i\000t\000i\000o\000n}{chapter.3}% 121
\BOOKMARK [2][-]{subsection.3.12.1}{\376\377\000U\000n\000i\000f\000i\000e\000d\000\040\000A\000c\000c\000e\000p\000t\000a\000n\000c\000e\000\040\000C\000o\000n\000d\000i\000t\000i\000o\000n}{section.3.12}% 122
\BOOKMARK [2][-]{subsection.3.12.2}{\376\377\000E\000n\000d\000-\000t\000o\000-\000E\000n\000d\000\040\000I\000n\000t\000e\000g\000r\000i\000t\000y\000\040\000T\000h\000e\000o\000r\000e\000m}{section.3.12}% 123
\BOOKMARK [2][-]{subsection.3.12.3}{\376\377\000S\000o\000u\000n\000d\000n\000e\000s\000s\000\040\000a\000n\000d\000\040\000C\000o\000m\000p\000l\000e\000t\000e\000n\000e\000s\000s}{section.3.12}% 124
\BOOKMARK [2][-]{subsection.3.12.4}{\376\377\000E\000l\000i\000m\000i\000n\000a\000t\000i\000o\000n\000\040\000o\000f\000\040\000I\000n\000g\000e\000s\000t\000i\000o\000n\000-\000L\000e\000v\000e\000l\000\040\000P\000e\000r\000t\000u\000r\000b\000a\000t\000i\000o\000n\000s}{section.3.12}% 125
\BOOKMARK [2][-]{subsection.3.12.5}{\376\377\000C\000o\000m\000p\000o\000s\000i\000t\000i\000o\000n\000a\000l\000\040\000S\000e\000c\000u\000r\000i\000t\000y}{section.3.12}% 126
\BOOKMARK [2][-]{subsection.3.12.6}{\376\377\000G\000l\000o\000b\000a\000l\000\040\000I\000n\000g\000e\000s\000t\000i\000o\000n\000\040\000I\000n\000v\000a\000r\000i\000a\000n\000t}{section.3.12}% 127
\BOOKMARK [2][-]{subsection.3.12.7}{\376\377\000F\000i\000n\000a\000l\000\040\000S\000e\000c\000u\000r\000i\000t\000y\000\040\000B\000o\000u\000n\000d}{section.3.12}% 128
\BOOKMARK [2][-]{subsection.3.12.8}{\376\377\000C\000o\000n\000c\000l\000u\000s\000i\000o\000n}{section.3.12}% 129
\BOOKMARK [0][-]{chapter.4}{\376\377\000F\000o\000r\000m\000a\000l\000\040\000S\000e\000c\000u\000r\000i\000t\000y\000\040\000C\000a\000l\000c\000u\000l\000u\000s}{}% 130
\BOOKMARK [1][-]{section.4.1}{\376\377\000O\000v\000e\000r\000v\000i\000e\000w}{chapter.4}% 131
\BOOKMARK [1][-]{section.4.2}{\376\377\000A\000d\000v\000e\000r\000s\000a\000r\000i\000a\000l\000\040\000M\000o\000d\000e\000l}{chapter.4}% 132
\BOOKMARK [1][-]{section.4.3}{\376\377\000S\000e\000c\000u\000r\000i\000t\000y\000\040\000E\000x\000p\000e\000r\000i\000m\000e\000n\000t}{chapter.4}% 133
\BOOKMARK [2][-]{subsection.4.3.1}{\376\377\000S\000e\000t\000u\000p\000\040\000P\000h\000a\000s\000e}{section.4.3}% 134
\BOOKMARK [2][-]{subsection.4.3.2}{\376\377\000Q\000u\000e\000r\000y\000\040\000P\000h\000a\000s\000e}{section.4.3}% 135
\BOOKMARK [2][-]{subsection.4.3.3}{\376\377\000F\000o\000r\000g\000e\000r\000y\000\040\000P\000h\000a\000s\000e}{section.4.3}% 136
\BOOKMARK [2][-]{subsection.4.3.4}{\376\377\000W\000i\000n\000n\000i\000n\000g\000\040\000C\000o\000n\000d\000i\000t\000i\000o\000n}{section.4.3}% 137
\BOOKMARK [1][-]{section.4.4}{\376\377\000S\000e\000c\000u\000r\000i\000t\000y\000\040\000D\000e\000f\000i\000n\000i\000t\000i\000o\000n}{chapter.4}% 138
\BOOKMARK [1][-]{section.4.5}{\376\377\000A\000t\000t\000a\000c\000k\000\040\000T\000a\000x\000o\000n\000o\000m\000y}{chapter.4}% 139
\BOOKMARK [2][-]{subsection.4.5.1}{\376\377\000I\000n\000j\000e\000c\000t\000i\000o\000n\000\040\000A\000t\000t\000a\000c\000k\000s}{section.4.5}% 140
\BOOKMARK [2][-]{subsection.4.5.2}{\376\377\000M\000o\000d\000i\000f\000i\000c\000a\000t\000i\000o\000n\000\040\000A\000t\000t\000a\000c\000k\000s}{section.4.5}% 141
\BOOKMARK [2][-]{subsection.4.5.3}{\376\377\000R\000e\000p\000l\000a\000y\000\040\000A\000t\000t\000a\000c\000k\000s}{section.4.5}% 142
\BOOKMARK [2][-]{subsection.4.5.4}{\376\377\000R\000e\000o\000r\000d\000e\000r\000i\000n\000g\000\040\000A\000t\000t\000a\000c\000k\000s}{section.4.5}% 143
\BOOKMARK [2][-]{subsection.4.5.5}{\376\377\000S\000t\000a\000t\000e\000\040\000S\000u\000b\000s\000t\000i\000t\000u\000t\000i\000o\000n\000\040\000A\000t\000t\000a\000c\000k\000s}{section.4.5}% 144
\BOOKMARK [1][-]{section.4.6}{\376\377\000S\000e\000c\000u\000r\000i\000t\000y\000\040\000G\000o\000a\000l\000s}{chapter.4}% 145
\BOOKMARK [2][-]{subsection.4.6.1}{\376\377\000I\000n\000t\000e\000g\000r\000i\000t\000y}{section.4.6}% 146
\BOOKMARK [2][-]{subsection.4.6.2}{\376\377\000A\000u\000t\000h\000e\000n\000t\000i\000c\000i\000t\000y}{section.4.6}% 147
\BOOKMARK [2][-]{subsection.4.6.3}{\376\377\000N\000o\000n\000-\000R\000e\000p\000u\000d\000i\000a\000t\000i\000o\000n}{section.4.6}% 148
\BOOKMARK [2][-]{subsection.4.6.4}{\376\377\000F\000o\000r\000w\000a\000r\000d\000\040\000I\000n\000t\000e\000g\000r\000i\000t\000y}{section.4.6}% 149
\BOOKMARK [1][-]{section.4.7}{\376\377\000R\000e\000d\000u\000c\000t\000i\000o\000n\000\040\000F\000r\000a\000m\000e\000w\000o\000r\000k}{chapter.4}% 150
\BOOKMARK [1][-]{section.4.8}{\376\377\000G\000a\000m\000e\000-\000B\000a\000s\000e\000d\000\040\000S\000e\000c\000u\000r\000i\000t\000y\000\040\000I\000n\000t\000e\000r\000p\000r\000e\000t\000a\000t\000i\000o\000n}{chapter.4}% 151
\BOOKMARK [1][-]{section.4.9}{\376\377\000I\000m\000p\000l\000i\000c\000a\000t\000i\000o\000n\000s}{chapter.4}% 152
\BOOKMARK [1][-]{section.4.10}{\376\377\000C\000o\000n\000c\000l\000u\000s\000i\000o\000n}{chapter.4}% 153
\BOOKMARK [1][-]{section.4.11}{\376\377\000R\000e\000p\000l\000a\000y\000,\000\040\000R\000e\000o\000r\000d\000e\000r\000i\000n\000g\000,\000\040\000a\000n\000d\000\040\000I\000n\000j\000e\000c\000t\000i\000o\000n\000\040\000R\000e\000s\000i\000s\000t\000a\000n\000c\000e}{chapter.4}% 154
\BOOKMARK [2][-]{subsection.4.11.1}{\376\377\000R\000e\000p\000l\000a\000y\000\040\000A\000t\000t\000a\000c\000k\000\040\000R\000e\000s\000i\000s\000t\000a\000n\000c\000e}{section.4.11}% 155
\BOOKMARK [2][-]{subsection.4.11.2}{\376\377\000R\000e\000o\000r\000d\000e\000r\000i\000n\000g\000\040\000A\000t\000t\000a\000c\000k\000\040\000R\000e\000s\000i\000s\000t\000a\000n\000c\000e}{section.4.11}% 156
\BOOKMARK [2][-]{subsection.4.11.3}{\376\377\000I\000n\000j\000e\000c\000t\000i\000o\000n\000\040\000A\000t\000t\000a\000c\000k\000\040\000R\000e\000s\000i\000s\000t\000a\000n\000c\000e}{section.4.11}% 157
\BOOKMARK [2][-]{subsection.4.11.4}{\376\377\000C\000o\000m\000b\000i\000n\000e\000d\000\040\000A\000t\000t\000a\000c\000k\000\040\000B\000o\000u\000n\000d}{section.4.11}% 158
\BOOKMARK [2][-]{subsection.4.11.5}{\376\377\000M\000u\000l\000t\000i\000-\000S\000t\000e\000p\000\040\000A\000d\000v\000e\000r\000s\000a\000r\000i\000a\000l\000\040\000S\000t\000r\000a\000t\000e\000g\000y\000\040\000A\000n\000a\000l\000y\000s\000i\000s}{section.4.11}% 159
\BOOKMARK [2][-]{subsection.4.11.6}{\376\377\000C\000o\000n\000c\000l\000u\000s\000i\000o\000n}{section.4.11}% 160
\BOOKMARK [1][-]{section.4.12}{\376\377\000S\000t\000a\000t\000e\000\040\000S\000u\000b\000s\000t\000i\000t\000u\000t\000i\000o\000n\000,\000\040\000A\000d\000a\000p\000t\000i\000v\000e\000\040\000A\000d\000v\000e\000r\000s\000a\000r\000i\000e\000s\000,\000\040\000a\000n\000d\000\040\000C\000h\000o\000s\000e\000n\000-\000M\000e\000s\000s\000a\000g\000e\000\040\000A\000t\000t\000a\000c\000k\000s}{chapter.4}% 161
\BOOKMARK [2][-]{subsection.4.12.1}{\376\377\000S\000t\000a\000t\000e\000\040\000S\000u\000b\000s\000t\000i\000t\000u\000t\000i\000o\000n\000\040\000A\000t\000t\000a\000c\000k\000\040\000M\000o\000d\000e\000l}{section.4.12}% 162
\BOOKMARK [2][-]{subsection.4.12.2}{\376\377\000P\000o\000R\000\040\000S\000e\000c\000u\000r\000i\000t\000y\000\040\000G\000a\000m\000e}{section.4.12}% 163
\BOOKMARK [2][-]{subsection.4.12.3}{\376\377\000P\000o\000R\000\040\000U\000n\000f\000o\000r\000g\000e\000a\000b\000i\000l\000i\000t\000y\000\040\000U\000n\000d\000e\000r\000\040\000C\000h\000o\000s\000e\000n\000-\000M\000e\000s\000s\000a\000g\000e\000\040\000A\000t\000t\000a\000c\000k}{section.4.12}% 164
\BOOKMARK [2][-]{subsection.4.12.4}{\376\377\000A\000d\000a\000p\000t\000i\000v\000e\000\040\000A\000d\000v\000e\000r\000s\000a\000r\000y\000\040\000M\000o\000d\000e\000l}{section.4.12}% 165
\BOOKMARK [2][-]{subsection.4.12.5}{\376\377\000A\000d\000a\000p\000t\000i\000v\000e\000\040\000C\000o\000r\000r\000u\000p\000t\000i\000o\000n\000\040\000M\000o\000d\000e\000l}{section.4.12}% 166
\BOOKMARK [2][-]{subsection.4.12.6}{\376\377\000S\000e\000c\000u\000r\000i\000t\000y\000\040\000U\000n\000d\000e\000r\000\040\000A\000d\000a\000p\000t\000i\000v\000e\000\040\000C\000o\000r\000r\000u\000p\000t\000i\000o\000n}{section.4.12}% 167
\BOOKMARK [2][-]{subsection.4.12.7}{\376\377\000C\000h\000o\000s\000e\000n\000-\000M\000e\000s\000s\000a\000g\000e\000\040\000A\000t\000t\000a\000c\000k\000\040\000o\000n\000\040\000L\000i\000n\000e\000a\000g\000e}{section.4.12}% 168
\BOOKMARK [2][-]{subsection.4.12.8}{\376\377\000H\000y\000b\000r\000i\000d\000\040\000A\000r\000g\000u\000m\000e\000n\000t\000\040\000f\000o\000r\000\040\000F\000u\000l\000l\000\040\000S\000e\000c\000u\000r\000i\000t\000y}{section.4.12}% 169
\BOOKMARK [2][-]{subsection.4.12.9}{\376\377\000M\000u\000l\000t\000i\000-\000R\000o\000u\000n\000d\000\040\000A\000d\000a\000p\000t\000i\000v\000e\000\040\000A\000t\000t\000a\000c\000k\000\040\000B\000o\000u\000n\000d}{section.4.12}% 170
\BOOKMARK [2][-]{subsection.4.12.10}{\376\377\000S\000t\000a\000t\000e\000\040\000C\000o\000n\000s\000i\000s\000t\000e\000n\000c\000y\000\040\000G\000u\000a\000r\000a\000n\000t\000e\000e}{section.4.12}% 171
\BOOKMARK [2][-]{subsection.4.12.11}{\376\377\000C\000o\000n\000c\000l\000u\000s\000i\000o\000n}{section.4.12}% 172
\BOOKMARK [1][-]{section.4.13}{\376\377\000S\000y\000s\000t\000e\000m\000-\000L\000e\000v\000e\000l\000\040\000S\000e\000c\000u\000r\000i\000t\000y\000:\000\040\000C\000o\000m\000p\000o\000s\000a\000b\000i\000l\000i\000t\000y\000,\000\040\000L\000i\000v\000e\000n\000e\000s\000s\000,\000\040\000a\000n\000d\000\040\000F\000a\000i\000l\000u\000r\000e\000\040\000M\000o\000d\000e\000s}{chapter.4}% 173
\BOOKMARK [2][-]{subsection.4.13.1}{\376\377\000C\000o\000m\000p\000o\000s\000a\000b\000i\000l\000i\000t\000y\000\040\000M\000o\000d\000e\000l}{section.4.13}% 174
\BOOKMARK [2][-]{subsection.4.13.2}{\376\377\000U\000n\000i\000v\000e\000r\000s\000a\000l\000\040\000C\000o\000m\000p\000o\000s\000a\000b\000i\000l\000i\000t\000y\000\040\000P\000r\000o\000p\000e\000r\000t\000y}{section.4.13}% 175
\BOOKMARK [2][-]{subsection.4.13.3}{\376\377\000S\000e\000q\000u\000e\000n\000t\000i\000a\000l\000\040\000C\000o\000m\000p\000o\000s\000i\000t\000i\000o\000n\000\040\000U\000n\000d\000e\000r\000\040\000C\000o\000n\000c\000u\000r\000r\000e\000n\000c\000y}{section.4.13}% 176
\BOOKMARK [2][-]{subsection.4.13.4}{\376\377\000S\000a\000f\000e\000t\000y\000\040\000a\000n\000d\000\040\000L\000i\000v\000e\000n\000e\000s\000s\000\040\000D\000e\000f\000i\000n\000i\000t\000i\000o\000n\000s}{section.4.13}% 177
\BOOKMARK [2][-]{subsection.4.13.5}{\376\377\000S\000a\000f\000e\000t\000y\000-\000L\000i\000v\000e\000n\000e\000s\000s\000\040\000T\000r\000a\000d\000e\000o\000f\000f}{section.4.13}% 178
\BOOKMARK [2][-]{subsection.4.13.6}{\376\377\000L\000i\000v\000e\000n\000e\000s\000s\000\040\000U\000n\000d\000e\000r\000\040\000H\000o\000n\000e\000s\000t\000\040\000M\000a\000j\000o\000r\000i\000t\000y}{section.4.13}% 179
\BOOKMARK [2][-]{subsection.4.13.7}{\376\377\000F\000a\000i\000l\000u\000r\000e\000\040\000M\000o\000d\000e\000s}{section.4.13}% 180
\BOOKMARK [2][-]{subsection.4.13.8}{\376\377\000B\000y\000z\000a\000n\000t\000i\000n\000e\000\040\000R\000e\000s\000i\000l\000i\000e\000n\000c\000e\000\040\000B\000o\000u\000n\000d\000a\000r\000y}{section.4.13}% 181
\BOOKMARK [2][-]{subsection.4.13.9}{\376\377\000G\000r\000a\000c\000e\000f\000u\000l\000\040\000D\000e\000g\000r\000a\000d\000a\000t\000i\000o\000n}{section.4.13}% 182
\BOOKMARK [2][-]{subsection.4.13.10}{\376\377\000E\000n\000d\000-\000t\000o\000-\000E\000n\000d\000\040\000S\000y\000s\000t\000e\000m\000\040\000G\000u\000a\000r\000a\000n\000t\000e\000e}{section.4.13}% 183
\BOOKMARK [2][-]{subsection.4.13.11}{\376\377\000C\000o\000m\000p\000o\000s\000i\000t\000i\000o\000n\000a\000l\000\040\000S\000t\000a\000b\000i\000l\000i\000t\000y}{section.4.13}% 184
\BOOKMARK [2][-]{subsection.4.13.12}{\376\377\000C\000o\000n\000c\000l\000u\000s\000i\000o\000n}{section.4.13}% 185
\BOOKMARK [0][-]{chapter.5}{\376\377\000R\000C\000O\000-\000L\000i\000t\000e\000\040\000A\000r\000c\000h\000i\000t\000e\000c\000t\000u\000r\000e}{}% 186
\BOOKMARK [1][-]{section.5.1}{\376\377\000O\000v\000e\000r\000v\000i\000e\000w}{chapter.5}% 187
\BOOKMARK [1][-]{section.5.2}{\376\377\000A\000r\000c\000h\000i\000t\000e\000c\000t\000u\000r\000a\000l\000\040\000A\000b\000s\000t\000r\000a\000c\000t\000i\000o\000n}{chapter.5}% 188
\BOOKMARK [1][-]{section.5.3}{\376\377\000C\000o\000m\000p\000o\000n\000e\000n\000t\000\040\000D\000e\000c\000o\000m\000p\000o\000s\000i\000t\000i\000o\000n}{chapter.5}% 189
\BOOKMARK [2][-]{subsection.5.3.1}{\376\377\000T\000e\000l\000e\000m\000e\000t\000r\000y\000\040\000P\000r\000o\000d\000u\000c\000e\000r\000s}{section.5.3}% 190
\BOOKMARK [2][-]{subsection.5.3.2}{\376\377\000C\000a\000n\000o\000n\000i\000c\000a\000l\000i\000z\000a\000t\000i\000o\000n\000\040\000E\000n\000g\000i\000n\000e}{section.5.3}% 191
\BOOKMARK [2][-]{subsection.5.3.3}{\376\377\000H\000a\000s\000h\000i\000n\000g\000\040\000M\000o\000d\000u\000l\000e}{section.5.3}% 192
\BOOKMARK [2][-]{subsection.5.3.4}{\376\377\000L\000i\000n\000e\000a\000g\000e\000\040\000E\000n\000g\000i\000n\000e}{section.5.3}% 193
\BOOKMARK [2][-]{subsection.5.3.5}{\376\377\000S\000t\000a\000t\000e\000\040\000B\000i\000n\000d\000i\000n\000g\000\040\000M\000o\000d\000u\000l\000e}{section.5.3}% 194
\BOOKMARK [2][-]{subsection.5.3.6}{\376\377\000V\000a\000l\000i\000d\000a\000t\000o\000r\000\040\000N\000e\000t\000w\000o\000r\000k}{section.5.3}% 195
\BOOKMARK [2][-]{subsection.5.3.7}{\376\377\000A\000g\000g\000r\000e\000g\000a\000t\000i\000o\000n\000\040\000L\000a\000y\000e\000r}{section.5.3}% 196
\BOOKMARK [2][-]{subsection.5.3.8}{\376\377\000V\000e\000r\000i\000f\000i\000c\000a\000t\000i\000o\000n\000\040\000E\000n\000g\000i\000n\000e}{section.5.3}% 197
\BOOKMARK [1][-]{section.5.4}{\376\377\000P\000i\000p\000e\000l\000i\000n\000e\000\040\000A\000r\000c\000h\000i\000t\000e\000c\000t\000u\000r\000e}{chapter.5}% 198
\BOOKMARK [1][-]{section.5.5}{\376\377\000D\000a\000t\000a\000\040\000F\000l\000o\000w\000\040\000M\000o\000d\000e\000l}{chapter.5}% 199
\BOOKMARK [1][-]{section.5.6}{\376\377\000D\000i\000s\000t\000r\000i\000b\000u\000t\000e\000d\000\040\000D\000e\000p\000l\000o\000y\000m\000e\000n\000t\000\040\000M\000o\000d\000e\000l}{chapter.5}% 200
\BOOKMARK [1][-]{section.5.7}{\376\377\000C\000o\000n\000s\000i\000s\000t\000e\000n\000c\000y\000\040\000A\000c\000r\000o\000s\000s\000\040\000N\000o\000d\000e\000s}{chapter.5}% 201
\BOOKMARK [1][-]{section.5.8}{\376\377\000F\000a\000u\000l\000t\000\040\000T\000o\000l\000e\000r\000a\000n\000c\000e}{chapter.5}% 202
\BOOKMARK [1][-]{section.5.9}{\376\377\000S\000c\000a\000l\000a\000b\000i\000l\000i\000t\000y\000\040\000C\000o\000n\000s\000i\000d\000e\000r\000a\000t\000i\000o\000n\000s}{chapter.5}% 203
\BOOKMARK [1][-]{section.5.10}{\376\377\000C\000o\000n\000c\000l\000u\000s\000i\000o\000n}{chapter.5}% 204
\BOOKMARK [1][-]{section.5.11}{\376\377\000P\000i\000p\000e\000l\000i\000n\000e\000\040\000E\000x\000e\000c\000u\000t\000i\000o\000n\000\040\000a\000n\000d\000\040\000S\000e\000q\000u\000e\000n\000c\000e\000\040\000S\000e\000m\000a\000n\000t\000i\000c\000s}{chapter.5}% 205
\BOOKMARK [2][-]{subsection.5.11.1}{\376\377\000E\000x\000e\000c\000u\000t\000i\000o\000n\000\040\000M\000o\000d\000e\000l}{section.5.11}% 206
\BOOKMARK [2][-]{subsection.5.11.2}{\376\377\000S\000t\000a\000g\000e\000-\000b\000y\000-\000S\000t\000a\000g\000e\000\040\000E\000x\000e\000c\000u\000t\000i\000o\000n\000\040\000S\000e\000m\000a\000n\000t\000i\000c\000s}{section.5.11}% 207
\BOOKMARK [2][-]{subsection.5.11.3}{\376\377\000E\000n\000d\000-\000t\000o\000-\000E\000n\000d\000\040\000E\000x\000e\000c\000u\000t\000i\000o\000n\000\040\000I\000n\000v\000a\000r\000i\000a\000n\000t}{section.5.11}% 208
\BOOKMARK [1][-]{section.5.12}{\376\377\000S\000e\000q\000u\000e\000n\000c\000e\000\040\000D\000i\000a\000g\000r\000a\000m\000\040\000R\000e\000p\000r\000e\000s\000e\000n\000t\000a\000t\000i\000o\000n}{chapter.5}% 209
\BOOKMARK [2][-]{subsection.5.12.1}{\376\377\000L\000o\000g\000i\000c\000a\000l\000\040\000S\000e\000q\000u\000e\000n\000c\000e\000\040\000D\000e\000s\000c\000r\000i\000p\000t\000i\000o\000n}{section.5.12}% 210
\BOOKMARK [2][-]{subsection.5.12.2}{\376\377\000F\000o\000r\000m\000a\000l\000\040\000I\000n\000t\000e\000r\000a\000c\000t\000i\000o\000n\000\040\000S\000t\000e\000p\000s}{section.5.12}% 211
\BOOKMARK [2][-]{subsection.5.12.3}{\376\377\000T\000i\000k\000Z\000\040\000S\000e\000q\000u\000e\000n\000c\000e\000\040\000D\000i\000a\000g\000r\000a\000m\000\040\000T\000e\000m\000p\000l\000a\000t\000e}{section.5.12}% 212
\BOOKMARK [1][-]{section.5.13}{\376\377\000R\000e\000a\000l\000-\000W\000o\000r\000l\000d\000\040\000D\000e\000p\000l\000o\000y\000m\000e\000n\000t\000\040\000T\000o\000p\000o\000l\000o\000g\000i\000e\000s}{chapter.5}% 213
\BOOKMARK [2][-]{subsection.5.13.1}{\376\377\000C\000l\000o\000u\000d\000\040\000D\000e\000p\000l\000o\000y\000m\000e\000n\000t\000\040\000M\000o\000d\000e\000l}{section.5.13}% 214
\BOOKMARK [2][-]{subsection.5.13.2}{\376\377\000E\000d\000g\000e\000\040\000D\000e\000p\000l\000o\000y\000m\000e\000n\000t\000\040\000M\000o\000d\000e\000l}{section.5.13}% 215
\BOOKMARK [2][-]{subsection.5.13.3}{\376\377\000H\000y\000b\000r\000i\000d\000\040\000D\000e\000p\000l\000o\000y\000m\000e\000n\000t\000\040\000M\000o\000d\000e\000l}{section.5.13}% 216
\BOOKMARK [2][-]{subsection.5.13.4}{\376\377\000T\000o\000p\000o\000l\000o\000g\000y\000\040\000S\000e\000l\000e\000c\000t\000i\000o\000n\000\040\000C\000r\000i\000t\000e\000r\000i\000a}{section.5.13}% 217
\BOOKMARK [2][-]{subsection.5.13.5}{\376\377\000D\000i\000s\000t\000r\000i\000b\000u\000t\000e\000d\000\040\000V\000a\000l\000i\000d\000a\000t\000o\000r\000\040\000P\000l\000a\000c\000e\000m\000e\000n\000t}{section.5.13}% 218
\BOOKMARK [2][-]{subsection.5.13.6}{\376\377\000S\000c\000a\000l\000a\000b\000i\000l\000i\000t\000y\000\040\000M\000o\000d\000e\000l}{section.5.13}% 219
\BOOKMARK [2][-]{subsection.5.13.7}{\376\377\000F\000a\000u\000l\000t\000\040\000I\000s\000o\000l\000a\000t\000i\000o\000n}{section.5.13}% 220
\BOOKMARK [2][-]{subsection.5.13.8}{\376\377\000D\000e\000p\000l\000o\000y\000m\000e\000n\000t\000\040\000I\000n\000v\000a\000r\000i\000a\000n\000t}{section.5.13}% 221
\BOOKMARK [1][-]{section.5.14}{\376\377\000C\000o\000n\000c\000l\000u\000s\000i\000o\000n}{chapter.5}% 222
\BOOKMARK [1][-]{section.5.15}{\376\377\000A\000P\000I\000\040\000D\000e\000s\000i\000g\000n\000,\000\040\000D\000a\000t\000a\000\040\000S\000t\000r\000u\000c\000t\000u\000r\000e\000s\000,\000\040\000S\000t\000o\000r\000a\000g\000e\000\040\000M\000o\000d\000e\000l\000,\000\040\000a\000n\000d\000\040\000P\000e\000r\000f\000o\000r\000m\000a\000n\000c\000e\000\040\000A\000n\000a\000l\000y\000s\000i\000s}{chapter.5}% 223
\BOOKMARK [1][-]{section.5.16}{\376\377\000A\000P\000I\000\040\000D\000e\000s\000i\000g\000n}{chapter.5}% 224
\BOOKMARK [2][-]{subsection.5.16.1}{\376\377\000T\000e\000l\000e\000m\000e\000t\000r\000y\000\040\000S\000u\000b\000m\000i\000s\000s\000i\000o\000n\000\040\000A\000P\000I}{section.5.16}% 225
\BOOKMARK [2][-]{subsection.5.16.2}{\376\377\000V\000e\000r\000i\000f\000i\000c\000a\000t\000i\000o\000n\000\040\000A\000P\000I}{section.5.16}% 226
\BOOKMARK [2][-]{subsection.5.16.3}{\376\377\000L\000i\000n\000e\000a\000g\000e\000\040\000Q\000u\000e\000r\000y\000\040\000A\000P\000I}{section.5.16}% 227
\BOOKMARK [2][-]{subsection.5.16.4}{\376\377\000B\000a\000t\000c\000h\000\040\000P\000r\000o\000c\000e\000s\000s\000i\000n\000g\000\040\000A\000P\000I}{section.5.16}% 228
\BOOKMARK [1][-]{section.5.17}{\376\377\000D\000a\000t\000a\000\040\000S\000t\000r\000u\000c\000t\000u\000r\000e\000s}{chapter.5}% 229
\BOOKMARK [2][-]{subsection.5.17.1}{\376\377\000T\000e\000l\000e\000m\000e\000t\000r\000y\000\040\000R\000e\000c\000o\000r\000d}{section.5.17}% 230
\BOOKMARK [2][-]{subsection.5.17.2}{\376\377\000L\000i\000n\000e\000a\000g\000e\000\040\000C\000h\000a\000i\000n}{section.5.17}% 231
\BOOKMARK [2][-]{subsection.5.17.3}{\376\377\000V\000a\000l\000i\000d\000a\000t\000o\000r\000\040\000S\000t\000a\000t\000e}{section.5.17}% 232
\BOOKMARK [2][-]{subsection.5.17.4}{\376\377\000P\000r\000o\000o\000f\000\040\000O\000b\000j\000e\000c\000t}{section.5.17}% 233
\BOOKMARK [1][-]{section.5.18}{\376\377\000S\000t\000o\000r\000a\000g\000e\000\040\000M\000o\000d\000e\000l}{chapter.5}% 234
\BOOKMARK [2][-]{subsection.5.18.1}{\376\377\000A\000p\000p\000e\000n\000d\000-\000O\000n\000l\000y\000\040\000L\000o\000g}{section.5.18}% 235
\BOOKMARK [2][-]{subsection.5.18.2}{\376\377\000I\000n\000d\000e\000x\000i\000n\000g}{section.5.18}% 236
\BOOKMARK [2][-]{subsection.5.18.3}{\376\377\000D\000i\000s\000t\000r\000i\000b\000u\000t\000e\000d\000\040\000S\000t\000o\000r\000a\000g\000e}{section.5.18}% 237
\BOOKMARK [2][-]{subsection.5.18.4}{\376\377\000C\000o\000n\000s\000i\000s\000t\000e\000n\000c\000y\000\040\000M\000o\000d\000e\000l}{section.5.18}% 238
\BOOKMARK [2][-]{subsection.5.18.5}{\376\377\000C\000h\000e\000c\000k\000p\000o\000i\000n\000t\000i\000n\000g}{section.5.18}% 239
\BOOKMARK [1][-]{section.5.19}{\376\377\000M\000e\000m\000o\000r\000y\000\040\000M\000o\000d\000e\000l}{chapter.5}% 240
\BOOKMARK [1][-]{section.5.20}{\376\377\000P\000e\000r\000f\000o\000r\000m\000a\000n\000c\000e\000\040\000C\000h\000a\000r\000a\000c\000t\000e\000r\000i\000s\000t\000i\000c\000s}{chapter.5}% 241
\BOOKMARK [2][-]{subsection.5.20.1}{\376\377\000T\000i\000m\000e\000\040\000C\000o\000m\000p\000l\000e\000x\000i\000t\000y}{section.5.20}% 242
\BOOKMARK [2][-]{subsection.5.20.2}{\376\377\000S\000p\000a\000c\000e\000\040\000C\000o\000m\000p\000l\000e\000x\000i\000t\000y}{section.5.20}% 243
\BOOKMARK [2][-]{subsection.5.20.3}{\376\377\000N\000e\000t\000w\000o\000r\000k\000\040\000C\000o\000m\000p\000l\000e\000x\000i\000t\000y}{section.5.20}% 244
\BOOKMARK [2][-]{subsection.5.20.4}{\376\377\000L\000a\000t\000e\000n\000c\000y\000\040\000M\000o\000d\000e\000l}{section.5.20}% 245
\BOOKMARK [2][-]{subsection.5.20.5}{\376\377\000T\000h\000r\000o\000u\000g\000h\000p\000u\000t}{section.5.20}% 246
\BOOKMARK [1][-]{section.5.21}{\376\377\000O\000p\000t\000i\000m\000i\000z\000a\000t\000i\000o\000n\000\040\000S\000t\000r\000a\000t\000e\000g\000i\000e\000s}{chapter.5}% 247
\BOOKMARK [2][-]{subsection.5.21.1}{\376\377\000P\000a\000r\000a\000l\000l\000e\000l\000\040\000S\000i\000g\000n\000i\000n\000g}{section.5.21}% 248
\BOOKMARK [2][-]{subsection.5.21.2}{\376\377\000B\000a\000t\000c\000h\000\040\000A\000g\000g\000r\000e\000g\000a\000t\000i\000o\000n}{section.5.21}% 249
\BOOKMARK [2][-]{subsection.5.21.3}{\376\377\000C\000a\000c\000h\000i\000n\000g}{section.5.21}% 250
\BOOKMARK [1][-]{section.5.22}{\376\377\000S\000c\000a\000l\000a\000b\000i\000l\000i\000t\000y\000\040\000A\000n\000a\000l\000y\000s\000i\000s}{chapter.5}% 251
\BOOKMARK [1][-]{section.5.23}{\376\377\000F\000a\000u\000l\000t\000\040\000T\000o\000l\000e\000r\000a\000n\000c\000e}{chapter.5}% 252
\BOOKMARK [1][-]{section.5.24}{\376\377\000D\000e\000p\000l\000o\000y\000m\000e\000n\000t\000\040\000C\000o\000n\000s\000t\000r\000a\000i\000n\000t\000s}{chapter.5}% 253
\BOOKMARK [1][-]{section.5.25}{\376\377\000E\000n\000d\000-\000t\000o\000-\000E\000n\000d\000\040\000P\000e\000r\000f\000o\000r\000m\000a\000n\000c\000e\000\040\000B\000o\000u\000n\000d}{chapter.5}% 254
\BOOKMARK [1][-]{section.5.26}{\376\377\000C\000o\000n\000c\000l\000u\000s\000i\000o\000n}{chapter.5}% 255
\BOOKMARK [0][-]{chapter.6}{\376\377\000A\000P\000I\000\040\000\046\000\040\000S\000D\000K\000\040\000S\000p\000e\000c\000i\000f\000i\000c\000a\000t\000i\000o\000n}{}% 256
\BOOKMARK [1][-]{section.6.1}{\376\377\000U\000s\000e\000\040\000C\000a\000s\000e\000s\000\040\000a\000n\000d\000\040\000A\000p\000p\000l\000i\000c\000a\000t\000i\000o\000n\000s}{chapter.6}% 257
\BOOKMARK [1][-]{section.6.2}{\376\377\000O\000v\000e\000r\000v\000i\000e\000w}{chapter.6}% 258
\BOOKMARK [1][-]{section.6.3}{\376\377\000A\000p\000p\000l\000i\000c\000a\000t\000i\000o\000n\000\040\000i\000n\000\040\000A\000r\000t\000i\000f\000i\000c\000i\000a\000l\000\040\000I\000n\000t\000e\000l\000l\000i\000g\000e\000n\000c\000e\000\040\000S\000y\000s\000t\000e\000m\000s}{chapter.6}% 259
\BOOKMARK [2][-]{subsection.6.3.1}{\376\377\000T\000r\000a\000i\000n\000i\000n\000g\000\040\000P\000i\000p\000e\000l\000i\000n\000e\000\040\000I\000n\000t\000e\000g\000r\000i\000t\000y}{section.6.3}% 260
\BOOKMARK [2][-]{subsection.6.3.2}{\376\377\000F\000e\000d\000e\000r\000a\000t\000e\000d\000\040\000L\000e\000a\000r\000n\000i\000n\000g}{section.6.3}% 261
\BOOKMARK [2][-]{subsection.6.3.3}{\376\377\000I\000n\000f\000e\000r\000e\000n\000c\000e\000\040\000I\000n\000t\000e\000g\000r\000i\000t\000y}{section.6.3}% 262
\BOOKMARK [1][-]{section.6.4}{\376\377\000A\000p\000p\000l\000i\000c\000a\000t\000i\000o\000n\000\040\000i\000n\000\040\000F\000i\000n\000a\000n\000c\000i\000a\000l\000\040\000S\000y\000s\000t\000e\000m\000s}{chapter.6}% 263
\BOOKMARK [2][-]{subsection.6.4.1}{\376\377\000A\000l\000g\000o\000r\000i\000t\000h\000m\000i\000c\000\040\000T\000r\000a\000d\000i\000n\000g}{section.6.4}% 264
\BOOKMARK [2][-]{subsection.6.4.2}{\376\377\000A\000u\000d\000i\000t\000a\000b\000i\000l\000i\000t\000y}{section.6.4}% 265
\BOOKMARK [2][-]{subsection.6.4.3}{\376\377\000F\000r\000a\000u\000d\000\040\000D\000e\000t\000e\000c\000t\000i\000o\000n}{section.6.4}% 266
\BOOKMARK [1][-]{section.6.5}{\376\377\000A\000p\000p\000l\000i\000c\000a\000t\000i\000o\000n\000\040\000i\000n\000\040\000C\000y\000b\000e\000r\000s\000e\000c\000u\000r\000i\000t\000y\000\040\000S\000y\000s\000t\000e\000m\000s}{chapter.6}% 267
\BOOKMARK [2][-]{subsection.6.5.1}{\376\377\000I\000n\000t\000r\000u\000s\000i\000o\000n\000\040\000D\000e\000t\000e\000c\000t\000i\000o\000n\000\040\000S\000y\000s\000t\000e\000m\000s}{section.6.5}% 268
\BOOKMARK [2][-]{subsection.6.5.2}{\376\377\000F\000o\000r\000e\000n\000s\000i\000c\000\040\000A\000n\000a\000l\000y\000s\000i\000s}{section.6.5}% 269
\BOOKMARK [1][-]{section.6.6}{\376\377\000A\000p\000p\000l\000i\000c\000a\000t\000i\000o\000n\000\040\000i\000n\000\040\000D\000i\000s\000t\000r\000i\000b\000u\000t\000e\000d\000\040\000I\000n\000f\000r\000a\000s\000t\000r\000u\000c\000t\000u\000r\000e}{chapter.6}% 270
\BOOKMARK [2][-]{subsection.6.6.1}{\376\377\000C\000o\000n\000s\000e\000n\000s\000u\000s\000\040\000S\000y\000s\000t\000e\000m\000s}{section.6.6}% 271
\BOOKMARK [2][-]{subsection.6.6.2}{\376\377\000M\000i\000c\000r\000o\000s\000e\000r\000v\000i\000c\000e\000s\000\040\000O\000b\000s\000e\000r\000v\000a\000b\000i\000l\000i\000t\000y}{section.6.6}% 272
\BOOKMARK [1][-]{section.6.7}{\376\377\000C\000r\000o\000s\000s\000-\000D\000o\000m\000a\000i\000n\000\040\000A\000p\000p\000l\000i\000c\000a\000b\000i\000l\000i\000t\000y\000\040\000C\000o\000n\000d\000i\000t\000i\000o\000n}{chapter.6}% 273
\BOOKMARK [1][-]{section.6.8}{\376\377\000E\000c\000o\000n\000o\000m\000i\000c\000\040\000a\000n\000d\000\040\000O\000p\000e\000r\000a\000t\000i\000o\000n\000a\000l\000\040\000I\000m\000p\000a\000c\000t}{chapter.6}% 274
\BOOKMARK [1][-]{section.6.9}{\376\377\000C\000o\000n\000c\000l\000u\000s\000i\000o\000n}{chapter.6}% 275
\BOOKMARK [1][-]{section.6.10}{\376\377\000A\000d\000v\000a\000n\000c\000e\000d\000\040\000H\000i\000g\000h\000-\000I\000m\000p\000a\000c\000t\000\040\000U\000s\000e\000\040\000C\000a\000s\000e\000s\000\040\000a\000n\000d\000\040\000S\000t\000r\000a\000t\000e\000g\000i\000c\000\040\000P\000o\000s\000i\000t\000i\000o\000n\000i\000n\000g}{chapter.6}% 276
\BOOKMARK [1][-]{section.6.11}{\376\377\000A\000u\000t\000o\000n\000o\000m\000o\000u\000s\000\040\000S\000y\000s\000t\000e\000m\000s}{chapter.6}% 277
\BOOKMARK [2][-]{subsection.6.11.1}{\376\377\000C\000o\000n\000t\000r\000o\000l\000\040\000L\000o\000o\000p\000\040\000I\000n\000t\000e\000g\000r\000i\000t\000y}{section.6.11}% 278
\BOOKMARK [2][-]{subsection.6.11.2}{\376\377\000S\000e\000n\000s\000o\000r\000\040\000F\000u\000s\000i\000o\000n\000\040\000C\000o\000n\000s\000i\000s\000t\000e\000n\000c\000y}{section.6.11}% 279
\BOOKMARK [2][-]{subsection.6.11.3}{\376\377\000S\000a\000f\000e\000t\000y\000\040\000G\000u\000a\000r\000a\000n\000t\000e\000e\000s}{section.6.11}% 280
\BOOKMARK [1][-]{section.6.12}{\376\377\000C\000r\000i\000t\000i\000c\000a\000l\000\040\000I\000n\000f\000r\000a\000s\000t\000r\000u\000c\000t\000u\000r\000e\000\040\000S\000y\000s\000t\000e\000m\000s}{chapter.6}% 281
\BOOKMARK [2][-]{subsection.6.12.1}{\376\377\000S\000u\000p\000e\000r\000v\000i\000s\000o\000r\000y\000\040\000C\000o\000n\000t\000r\000o\000l\000\040\000S\000y\000s\000t\000e\000m\000s}{section.6.12}% 282
\BOOKMARK [2][-]{subsection.6.12.2}{\376\377\000D\000i\000s\000t\000r\000i\000b\000u\000t\000e\000d\000\040\000G\000r\000i\000d\000\040\000S\000t\000a\000b\000i\000l\000i\000t\000y}{section.6.12}% 283
\BOOKMARK [2][-]{subsection.6.12.3}{\376\377\000F\000a\000i\000l\000u\000r\000e\000\040\000P\000r\000o\000p\000a\000g\000a\000t\000i\000o\000n\000\040\000P\000r\000e\000v\000e\000n\000t\000i\000o\000n}{section.6.12}% 284
\BOOKMARK [1][-]{section.6.13}{\376\377\000C\000o\000m\000p\000a\000r\000i\000s\000o\000n\000\040\000w\000i\000t\000h\000\040\000B\000l\000o\000c\000k\000c\000h\000a\000i\000n\000-\000B\000a\000s\000e\000d\000\040\000S\000y\000s\000t\000e\000m\000s}{chapter.6}% 285
\BOOKMARK [2][-]{subsection.6.13.1}{\376\377\000S\000t\000r\000u\000c\000t\000u\000r\000a\000l\000\040\000D\000i\000f\000f\000e\000r\000e\000n\000c\000e\000s}{section.6.13}% 286
\BOOKMARK [2][-]{subsection.6.13.2}{\376\377\000L\000a\000c\000k\000\040\000o\000f\000\040\000D\000e\000t\000e\000r\000m\000i\000n\000i\000s\000t\000i\000c\000\040\000S\000e\000r\000i\000a\000l\000i\000z\000a\000t\000i\000o\000n}{section.6.13}% 287
\BOOKMARK [2][-]{subsection.6.13.3}{\376\377\000A\000b\000s\000e\000n\000c\000e\000\040\000o\000f\000\040\000S\000t\000a\000t\000e\000\040\000B\000i\000n\000d\000i\000n\000g}{section.6.13}% 288
\BOOKMARK [2][-]{subsection.6.13.4}{\376\377\000L\000a\000t\000e\000n\000c\000y\000\040\000C\000o\000n\000s\000t\000r\000a\000i\000n\000t\000s}{section.6.13}% 289
\BOOKMARK [2][-]{subsection.6.13.5}{\376\377\000N\000o\000v\000e\000l\000t\000y\000\040\000P\000o\000s\000i\000t\000i\000o\000n\000i\000n\000g}{section.6.13}% 290
\BOOKMARK [1][-]{section.6.14}{\376\377\000R\000e\000g\000u\000l\000a\000t\000o\000r\000y\000\040\000a\000n\000d\000\040\000C\000o\000m\000p\000l\000i\000a\000n\000c\000e\000\040\000A\000p\000p\000l\000i\000c\000a\000t\000i\000o\000n\000s}{chapter.6}% 291
\BOOKMARK [2][-]{subsection.6.14.1}{\376\377\000A\000u\000d\000i\000t\000\040\000T\000r\000a\000i\000l\000\040\000V\000e\000r\000i\000f\000i\000c\000a\000t\000i\000o\000n}{section.6.14}% 292
\BOOKMARK [2][-]{subsection.6.14.2}{\376\377\000C\000o\000m\000p\000l\000i\000a\000n\000c\000e\000\040\000C\000o\000n\000s\000t\000r\000a\000i\000n\000t\000s}{section.6.14}% 293
\BOOKMARK [2][-]{subsection.6.14.3}{\376\377\000N\000o\000n\000-\000R\000e\000p\000u\000d\000i\000a\000t\000i\000o\000n}{section.6.14}% 294
\BOOKMARK [2][-]{subsection.6.14.4}{\376\377\000F\000o\000r\000e\000n\000s\000i\000c\000\040\000R\000e\000c\000o\000n\000s\000t\000r\000u\000c\000t\000i\000o\000n}{section.6.14}% 295
\BOOKMARK [1][-]{section.6.15}{\376\377\000C\000r\000o\000s\000s\000-\000D\000o\000m\000a\000i\000n\000\040\000E\000c\000o\000n\000o\000m\000i\000c\000\040\000I\000m\000p\000a\000c\000t}{chapter.6}% 296
\BOOKMARK [1][-]{section.6.16}{\376\377\000S\000t\000r\000a\000t\000e\000g\000i\000c\000\040\000P\000o\000s\000i\000t\000i\000o\000n\000i\000n\000g}{chapter.6}% 297
\BOOKMARK [1][-]{section.6.17}{\376\377\000C\000o\000n\000c\000l\000u\000s\000i\000o\000n}{chapter.6}% 298
\BOOKMARK [1][-]{section.6.18}{\376\377\000I\000n\000d\000u\000s\000t\000r\000y\000-\000S\000p\000e\000c\000i\000f\000i\000c\000\040\000D\000e\000e\000p\000\040\000D\000i\000v\000e\000s\000\040\000a\000n\000d\000\040\000F\000u\000t\000u\000r\000e\000\040\000A\000p\000p\000l\000i\000c\000a\000t\000i\000o\000n\000s}{chapter.6}% 299
\BOOKMARK [1][-]{section.6.19}{\376\377\000H\000e\000a\000l\000t\000h\000c\000a\000r\000e\000\040\000S\000y\000s\000t\000e\000m\000s}{chapter.6}% 300
\BOOKMARK [2][-]{subsection.6.19.1}{\376\377\000C\000l\000i\000n\000i\000c\000a\000l\000\040\000D\000e\000c\000i\000s\000i\000o\000n\000\040\000S\000u\000p\000p\000o\000r\000t\000\040\000S\000y\000s\000t\000e\000m\000s}{section.6.19}% 301
\BOOKMARK [2][-]{subsection.6.19.2}{\376\377\000M\000e\000d\000i\000c\000a\000l\000\040\000D\000e\000v\000i\000c\000e\000\040\000T\000e\000l\000e\000m\000e\000t\000r\000y}{section.6.19}% 302
\BOOKMARK [2][-]{subsection.6.19.3}{\376\377\000R\000e\000g\000u\000l\000a\000t\000o\000r\000y\000\040\000C\000o\000m\000p\000l\000i\000a\000n\000c\000e\000\040\000i\000n\000\040\000H\000e\000a\000l\000t\000h\000c\000a\000r\000e}{section.6.19}% 303
\BOOKMARK [1][-]{section.6.20}{\376\377\000D\000e\000f\000e\000n\000s\000e\000\040\000a\000n\000d\000\040\000M\000i\000s\000s\000i\000o\000n\000-\000C\000r\000i\000t\000i\000c\000a\000l\000\040\000S\000y\000s\000t\000e\000m\000s}{chapter.6}% 304
\BOOKMARK [2][-]{subsection.6.20.1}{\376\377\000C\000o\000m\000m\000a\000n\000d\000\040\000a\000n\000d\000\040\000C\000o\000n\000t\000r\000o\000l\000\040\000S\000y\000s\000t\000e\000m\000s}{section.6.20}% 305
\BOOKMARK [2][-]{subsection.6.20.2}{\376\377\000S\000e\000c\000u\000r\000e\000\040\000S\000e\000n\000s\000o\000r\000\040\000N\000e\000t\000w\000o\000r\000k\000s}{section.6.20}% 306
\BOOKMARK [2][-]{subsection.6.20.3}{\376\377\000R\000e\000s\000i\000l\000i\000e\000n\000c\000e\000\040\000t\000o\000\040\000A\000d\000v\000e\000r\000s\000a\000r\000i\000a\000l\000\040\000M\000a\000n\000i\000p\000u\000l\000a\000t\000i\000o\000n}{section.6.20}% 307
\BOOKMARK [1][-]{section.6.21}{\376\377\000A\000r\000t\000i\000f\000i\000c\000i\000a\000l\000\040\000I\000n\000t\000e\000l\000l\000i\000g\000e\000n\000c\000e\000\040\000G\000o\000v\000e\000r\000n\000a\000n\000c\000e}{chapter.6}% 308
\BOOKMARK [2][-]{subsection.6.21.1}{\376\377\000M\000o\000d\000e\000l\000\040\000A\000c\000c\000o\000u\000n\000t\000a\000b\000i\000l\000i\000t\000y}{section.6.21}% 309
\BOOKMARK [2][-]{subsection.6.21.2}{\376\377\000B\000i\000a\000s\000\040\000a\000n\000d\000\040\000M\000a\000n\000i\000p\000u\000l\000a\000t\000i\000o\000n\000\040\000D\000e\000t\000e\000c\000t\000i\000o\000n}{section.6.21}% 310
\BOOKMARK [2][-]{subsection.6.21.3}{\376\377\000R\000e\000g\000u\000l\000a\000t\000o\000r\000y\000\040\000F\000r\000a\000m\000e\000w\000o\000r\000k\000\040\000I\000n\000t\000e\000g\000r\000a\000t\000i\000o\000n}{section.6.21}% 311
\BOOKMARK [1][-]{section.6.22}{\376\377\000D\000i\000g\000i\000t\000a\000l\000\040\000T\000w\000i\000n\000\040\000S\000y\000s\000t\000e\000m\000s}{chapter.6}% 312
\BOOKMARK [2][-]{subsection.6.22.1}{\376\377\000S\000t\000a\000t\000e\000\040\000S\000y\000n\000c\000h\000r\000o\000n\000i\000z\000a\000t\000i\000o\000n}{section.6.22}% 313
\BOOKMARK [2][-]{subsection.6.22.2}{\376\377\000P\000r\000e\000d\000i\000c\000t\000i\000v\000e\000\040\000M\000o\000d\000e\000l\000i\000n\000g}{section.6.22}% 314
\BOOKMARK [2][-]{subsection.6.22.3}{\376\377\000L\000i\000f\000e\000c\000y\000c\000l\000e\000\040\000I\000n\000t\000e\000g\000r\000i\000t\000y}{section.6.22}% 315
\BOOKMARK [1][-]{section.6.23}{\376\377\000F\000u\000t\000u\000r\000e\000\040\000A\000p\000p\000l\000i\000c\000a\000b\000i\000l\000i\000t\000y}{chapter.6}% 316
\BOOKMARK [1][-]{section.6.24}{\376\377\000G\000l\000o\000b\000a\000l\000\040\000I\000m\000p\000a\000c\000t\000\040\000P\000e\000r\000s\000p\000e\000c\000t\000i\000v\000e}{chapter.6}% 317
\BOOKMARK [1][-]{section.6.25}{\376\377\000S\000t\000r\000a\000t\000e\000g\000i\000c\000\040\000O\000u\000t\000l\000o\000o\000k}{chapter.6}% 318
\BOOKMARK [1][-]{section.6.26}{\376\377\000C\000o\000n\000c\000l\000u\000s\000i\000o\000n}{chapter.6}% 319
\BOOKMARK [0][-]{chapter.7}{\376\377\000M\000i\000n\000i\000m\000a\000l\000\040\000W\000o\000r\000k\000i\000n\000g\000\040\000E\000x\000a\000m\000p\000l\000e}{}% 320
\BOOKMARK [1][-]{section.7.1}{\376\377\000M\000i\000n\000i\000m\000a\000l\000\040\000W\000o\000r\000k\000i\000n\000g\000\040\000E\000x\000a\000m\000p\000l\000e}{chapter.7}% 321
\BOOKMARK [1][-]{section.7.2}{\376\377\000O\000v\000e\000r\000v\000i\000e\000w}{chapter.7}% 322
\BOOKMARK [1][-]{section.7.3}{\376\377\000S\000y\000s\000t\000e\000m\000\040\000I\000n\000i\000t\000i\000a\000l\000i\000z\000a\000t\000i\000o\000n}{chapter.7}% 323
\BOOKMARK [2][-]{subsection.7.3.1}{\376\377\000K\000e\000y\000\040\000G\000e\000n\000e\000r\000a\000t\000i\000o\000n}{section.7.3}% 324
\BOOKMARK [2][-]{subsection.7.3.2}{\376\377\000I\000n\000i\000t\000i\000a\000l\000\040\000S\000t\000a\000t\000e}{section.7.3}% 325
\BOOKMARK [1][-]{section.7.4}{\376\377\000T\000e\000l\000e\000m\000e\000t\000r\000y\000\040\000I\000n\000s\000t\000a\000n\000c\000e}{chapter.7}% 326
\BOOKMARK [2][-]{subsection.7.4.1}{\376\377\000C\000a\000n\000o\000n\000i\000c\000a\000l\000\040\000S\000e\000r\000i\000a\000l\000i\000z\000a\000t\000i\000o\000n}{section.7.4}% 327
\BOOKMARK [1][-]{section.7.5}{\376\377\000H\000a\000s\000h\000\040\000C\000o\000m\000p\000u\000t\000a\000t\000i\000o\000n}{chapter.7}% 328
\BOOKMARK [1][-]{section.7.6}{\376\377\000L\000i\000n\000e\000a\000g\000e\000\040\000U\000p\000d\000a\000t\000e}{chapter.7}% 329
\BOOKMARK [1][-]{section.7.7}{\376\377\000S\000t\000a\000t\000e\000\040\000B\000i\000n\000d\000i\000n\000g}{chapter.7}% 330
\BOOKMARK [1][-]{section.7.8}{\376\377\000V\000a\000l\000i\000d\000a\000t\000o\000r\000\040\000S\000i\000g\000n\000i\000n\000g}{chapter.7}% 331
\BOOKMARK [1][-]{section.7.9}{\376\377\000V\000e\000r\000i\000f\000i\000c\000a\000t\000i\000o\000n}{chapter.7}% 332
\BOOKMARK [1][-]{section.7.10}{\376\377\000E\000n\000d\000-\000t\000o\000-\000E\000n\000d\000\040\000C\000o\000n\000s\000i\000s\000t\000e\000n\000c\000y}{chapter.7}% 333
\BOOKMARK [1][-]{section.7.11}{\376\377\000M\000i\000n\000i\000m\000a\000l\000\040\000C\000o\000r\000r\000e\000c\000t\000n\000e\000s\000s\000\040\000P\000r\000o\000p\000e\000r\000t\000y}{chapter.7}% 334
\BOOKMARK [1][-]{section.7.12}{\376\377\000C\000o\000n\000c\000l\000u\000s\000i\000o\000n}{chapter.7}% 335
\BOOKMARK [1][-]{section.7.13}{\376\377\000P\000s\000e\000u\000d\000o\000c\000o\000d\000e\000\040\000a\000n\000d\000\040\000E\000x\000e\000c\000u\000t\000i\000o\000n\000\040\000T\000r\000a\000c\000e}{chapter.7}% 336
\BOOKMARK [1][-]{section.7.14}{\376\377\000C\000o\000r\000e\000\040\000P\000s\000e\000u\000d\000o\000c\000o\000d\000e\000\040\000D\000e\000f\000i\000n\000i\000t\000i\000o\000n\000s}{chapter.7}% 337
\BOOKMARK [2][-]{subsection.7.14.1}{\376\377\000C\000a\000n\000o\000n\000i\000c\000a\000l\000\040\000S\000e\000r\000i\000a\000l\000i\000z\000a\000t\000i\000o\000n\000\040\000F\000u\000n\000c\000t\000i\000o\000n}{section.7.14}% 338
\BOOKMARK [2][-]{subsection.7.14.2}{\376\377\000H\000a\000s\000h\000\040\000F\000u\000n\000c\000t\000i\000o\000n\000\040\000W\000r\000a\000p\000p\000e\000r}{section.7.14}% 339
\BOOKMARK [2][-]{subsection.7.14.3}{\376\377\000L\000i\000n\000e\000a\000g\000e\000\040\000U\000p\000d\000a\000t\000e\000\040\000F\000u\000n\000c\000t\000i\000o\000n}{section.7.14}% 340
\BOOKMARK [2][-]{subsection.7.14.4}{\376\377\000S\000t\000a\000t\000e\000\040\000B\000i\000n\000d\000i\000n\000g\000\040\000F\000u\000n\000c\000t\000i\000o\000n}{section.7.14}% 341
\BOOKMARK [2][-]{subsection.7.14.5}{\376\377\000V\000a\000l\000i\000d\000a\000t\000o\000r\000\040\000S\000i\000g\000n\000i\000n\000g}{section.7.14}% 342
\BOOKMARK [2][-]{subsection.7.14.6}{\376\377\000A\000g\000g\000r\000e\000g\000a\000t\000i\000o\000n\000\040\000F\000u\000n\000c\000t\000i\000o\000n}{section.7.14}% 343
\BOOKMARK [2][-]{subsection.7.14.7}{\376\377\000V\000e\000r\000i\000f\000i\000c\000a\000t\000i\000o\000n\000\040\000F\000u\000n\000c\000t\000i\000o\000n}{section.7.14}% 344
\BOOKMARK [2][-]{subsection.7.14.8}{\376\377\000F\000u\000l\000l\000\040\000I\000n\000g\000e\000s\000t\000i\000o\000n\000\040\000P\000i\000p\000e\000l\000i\000n\000e}{section.7.14}% 345
\BOOKMARK [1][-]{section.7.15}{\376\377\000S\000t\000e\000p\000-\000b\000y\000-\000S\000t\000e\000p\000\040\000E\000x\000e\000c\000u\000t\000i\000o\000n\000\040\000T\000r\000a\000c\000e}{chapter.7}% 346
\BOOKMARK [2][-]{subsection.7.15.1}{\376\377\000I\000n\000i\000t\000i\000a\000l\000\040\000C\000o\000n\000d\000i\000t\000i\000o\000n\000s}{section.7.15}% 347
\BOOKMARK [2][-]{subsection.7.15.2}{\376\377\000S\000t\000e\000p\000\040\0001\000:\000\040\000F\000i\000r\000s\000t\000\040\000T\000e\000l\000e\000m\000e\000t\000r\000y\000\040\000I\000n\000p\000u\000t}{section.7.15}% 348
\BOOKMARK [2][-]{subsection.7.15.3}{\376\377\000S\000t\000e\000p\000\040\0002\000:\000\040\000S\000e\000c\000o\000n\000d\000\040\000T\000e\000l\000e\000m\000e\000t\000r\000y\000\040\000I\000n\000p\000u\000t}{section.7.15}% 349
\BOOKMARK [2][-]{subsection.7.15.4}{\376\377\000S\000t\000a\000t\000e\000\040\000E\000v\000o\000l\000u\000t\000i\000o\000n}{section.7.15}% 350
\BOOKMARK [2][-]{subsection.7.15.5}{\376\377\000D\000e\000t\000e\000r\000m\000i\000n\000i\000s\000m\000\040\000P\000r\000o\000p\000e\000r\000t\000y}{section.7.15}% 351
\BOOKMARK [1][-]{section.7.16}{\376\377\000F\000a\000i\000l\000u\000r\000e\000\040\000C\000a\000s\000e\000\040\000D\000e\000m\000o\000n\000s\000t\000r\000a\000t\000i\000o\000n}{chapter.7}% 352
\BOOKMARK [1][-]{section.7.17}{\376\377\000E\000x\000e\000c\000u\000t\000i\000o\000n\000\040\000I\000n\000v\000a\000r\000i\000a\000n\000t}{chapter.7}% 353
\BOOKMARK [1][-]{section.7.18}{\376\377\000C\000o\000n\000c\000l\000u\000s\000i\000o\000n}{chapter.7}% 354
\BOOKMARK [1][-]{section.7.19}{\376\377\000R\000e\000f\000e\000r\000e\000n\000c\000e\000\040\000I\000m\000p\000l\000e\000m\000e\000n\000t\000a\000t\000i\000o\000n\000,\000\040\000S\000y\000s\000t\000e\000m\000\040\000C\000o\000n\000s\000t\000r\000a\000i\000n\000t\000s\000,\000\040\000a\000n\000d\000\040\000D\000e\000p\000l\000o\000y\000m\000e\000n\000t\000\040\000M\000a\000p\000p\000i\000n\000g}{chapter.7}% 355
\BOOKMARK [1][-]{section.7.20}{\376\377\000R\000e\000f\000e\000r\000e\000n\000c\000e\000\040\000I\000m\000p\000l\000e\000m\000e\000n\000t\000a\000t\000i\000o\000n\000\040\000A\000r\000c\000h\000i\000t\000e\000c\000t\000u\000r\000e}{chapter.7}% 356
\BOOKMARK [2][-]{subsection.7.20.1}{\376\377\000I\000n\000g\000e\000s\000t\000i\000o\000n\000\040\000S\000e\000r\000v\000i\000c\000e}{section.7.20}% 357
\BOOKMARK [2][-]{subsection.7.20.2}{\376\377\000V\000a\000l\000i\000d\000a\000t\000o\000r\000\040\000N\000o\000d\000e}{section.7.20}% 358
\BOOKMARK [2][-]{subsection.7.20.3}{\376\377\000A\000g\000g\000r\000e\000g\000a\000t\000i\000o\000n\000\040\000S\000e\000r\000v\000i\000c\000e}{section.7.20}% 359
\BOOKMARK [2][-]{subsection.7.20.4}{\376\377\000V\000e\000r\000i\000f\000i\000c\000a\000t\000i\000o\000n\000\040\000S\000e\000r\000v\000i\000c\000e}{section.7.20}% 360
\BOOKMARK [2][-]{subsection.7.20.5}{\376\377\000S\000t\000o\000r\000a\000g\000e\000\040\000E\000n\000g\000i\000n\000e}{section.7.20}% 361
\BOOKMARK [1][-]{section.7.21}{\376\377\000S\000y\000s\000t\000e\000m\000\040\000C\000o\000n\000s\000t\000r\000a\000i\000n\000t\000s}{chapter.7}% 362
\BOOKMARK [2][-]{subsection.7.21.1}{\376\377\000D\000e\000t\000e\000r\000m\000i\000n\000i\000s\000t\000i\000c\000\040\000S\000e\000r\000i\000a\000l\000i\000z\000a\000t\000i\000o\000n\000\040\000C\000o\000n\000s\000t\000r\000a\000i\000n\000t}{section.7.21}% 363
\BOOKMARK [2][-]{subsection.7.21.2}{\376\377\000C\000r\000y\000p\000t\000o\000g\000r\000a\000p\000h\000i\000c\000\040\000A\000s\000s\000u\000m\000p\000t\000i\000o\000n\000s}{section.7.21}% 364
\BOOKMARK [2][-]{subsection.7.21.3}{\376\377\000T\000h\000r\000e\000s\000h\000o\000l\000d\000\040\000C\000o\000n\000s\000t\000r\000a\000i\000n\000t}{section.7.21}% 365
\BOOKMARK [2][-]{subsection.7.21.4}{\376\377\000N\000e\000t\000w\000o\000r\000k\000\040\000C\000o\000n\000s\000t\000r\000a\000i\000n\000t}{section.7.21}% 366
\BOOKMARK [2][-]{subsection.7.21.5}{\376\377\000S\000t\000a\000t\000e\000\040\000C\000o\000n\000s\000i\000s\000t\000e\000n\000c\000y\000\040\000C\000o\000n\000s\000t\000r\000a\000i\000n\000t}{section.7.21}% 367
\BOOKMARK [1][-]{section.7.22}{\376\377\000M\000i\000n\000i\000m\000a\000l\000\040\000D\000e\000p\000l\000o\000y\000m\000e\000n\000t\000\040\000D\000i\000a\000g\000r\000a\000m}{chapter.7}% 368
\BOOKMARK [2][-]{subsection.7.22.1}{\376\377\000L\000o\000g\000i\000c\000a\000l\000\040\000F\000l\000o\000w}{section.7.22}% 369
\BOOKMARK [2][-]{subsection.7.22.2}{\376\377\000T\000i\000k\000Z\000\040\000D\000e\000p\000l\000o\000y\000m\000e\000n\000t\000\040\000T\000e\000m\000p\000l\000a\000t\000e}{section.7.22}% 370
\BOOKMARK [1][-]{section.7.23}{\376\377\000R\000e\000a\000l\000-\000W\000o\000r\000l\000d\000\040\000T\000e\000c\000h\000n\000o\000l\000o\000g\000y\000\040\000M\000a\000p\000p\000i\000n\000g}{chapter.7}% 371
\BOOKMARK [2][-]{subsection.7.23.1}{\376\377\000P\000r\000o\000g\000r\000a\000m\000m\000i\000n\000g\000\040\000L\000a\000n\000g\000u\000a\000g\000e\000s}{section.7.23}% 372
\BOOKMARK [2][-]{subsection.7.23.2}{\376\377\000C\000r\000y\000p\000t\000o\000g\000r\000a\000p\000h\000i\000c\000\040\000L\000i\000b\000r\000a\000r\000i\000e\000s}{section.7.23}% 373
\BOOKMARK [2][-]{subsection.7.23.3}{\376\377\000N\000e\000t\000w\000o\000r\000k\000i\000n\000g\000\040\000L\000a\000y\000e\000r}{section.7.23}% 374
\BOOKMARK [2][-]{subsection.7.23.4}{\376\377\000S\000t\000o\000r\000a\000g\000e\000\040\000S\000y\000s\000t\000e\000m\000s}{section.7.23}% 375
\BOOKMARK [2][-]{subsection.7.23.5}{\376\377\000D\000e\000p\000l\000o\000y\000m\000e\000n\000t\000\040\000I\000n\000f\000r\000a\000s\000t\000r\000u\000c\000t\000u\000r\000e}{section.7.23}% 376
\BOOKMARK [1][-]{section.7.24}{\376\377\000S\000c\000a\000l\000a\000b\000i\000l\000i\000t\000y\000\040\000a\000n\000d\000\040\000D\000e\000p\000l\000o\000y\000m\000e\000n\000t\000\040\000C\000o\000n\000s\000t\000r\000a\000i\000n\000t\000s}{chapter.7}% 377
\BOOKMARK [2][-]{subsection.7.24.1}{\376\377\000H\000o\000r\000i\000z\000o\000n\000t\000a\000l\000\040\000S\000c\000a\000l\000i\000n\000g}{section.7.24}% 378
\BOOKMARK [2][-]{subsection.7.24.2}{\376\377\000L\000a\000t\000e\000n\000c\000y\000\040\000B\000o\000u\000n\000d}{section.7.24}% 379
\BOOKMARK [2][-]{subsection.7.24.3}{\376\377\000F\000a\000u\000l\000t\000\040\000I\000s\000o\000l\000a\000t\000i\000o\000n}{section.7.24}% 380
\BOOKMARK [1][-]{section.7.25}{\376\377\000E\000n\000d\000-\000t\000o\000-\000E\000n\000d\000\040\000D\000e\000p\000l\000o\000y\000m\000e\000n\000t\000\040\000I\000n\000v\000a\000r\000i\000a\000n\000t}{chapter.7}% 381
\BOOKMARK [1][-]{section.7.26}{\376\377\000I\000m\000p\000l\000e\000m\000e\000n\000t\000a\000t\000i\000o\000n\000\040\000F\000e\000a\000s\000i\000b\000i\000l\000i\000t\000y\000\040\000S\000t\000a\000t\000e\000m\000e\000n\000t}{chapter.7}% 382
\BOOKMARK [1][-]{section.7.27}{\376\377\000C\000o\000n\000c\000l\000u\000s\000i\000o\000n}{chapter.7}% 383
\BOOKMARK [0][-]{chapter.8}{\376\377\000F\000a\000i\000l\000u\000r\000e\000\040\000M\000o\000d\000e\000\040\000A\000n\000a\000l\000y\000s\000i\000s}{}% 384
\BOOKMARK [1][-]{section.8.1}{\376\377\000F\000a\000i\000l\000u\000r\000e\000\040\000M\000o\000d\000e\000s\000\040\000a\000n\000d\000\040\000E\000f\000f\000e\000c\000t\000s\000\040\000A\000n\000a\000l\000y\000s\000i\000s\000\040\000\050\000F\000M\000E\000A\000\051}{chapter.8}% 385
\BOOKMARK [1][-]{section.8.2}{\376\377\000O\000v\000e\000r\000v\000i\000e\000w}{chapter.8}% 386
\BOOKMARK [1][-]{section.8.3}{\376\377\000F\000a\000i\000l\000u\000r\000e\000\040\000C\000l\000a\000s\000s\000i\000f\000i\000c\000a\000t\000i\000o\000n\000\040\000M\000o\000d\000e\000l}{chapter.8}% 387
\BOOKMARK [1][-]{section.8.4}{\376\377\000F\000a\000i\000l\000u\000r\000e\000\040\000S\000e\000v\000e\000r\000i\000t\000y\000\040\000M\000o\000d\000e\000l}{chapter.8}% 388
\BOOKMARK [1][-]{section.8.5}{\376\377\000F\000a\000i\000l\000u\000r\000e\000\040\000P\000r\000o\000b\000a\000b\000i\000l\000i\000t\000y\000\040\000M\000o\000d\000e\000l}{chapter.8}% 389
\BOOKMARK [1][-]{section.8.6}{\376\377\000R\000i\000s\000k\000\040\000F\000u\000n\000c\000t\000i\000o\000n}{chapter.8}% 390
\BOOKMARK [1][-]{section.8.7}{\376\377\000F\000a\000i\000l\000u\000r\000e\000\040\000D\000e\000t\000e\000c\000t\000i\000o\000n\000\040\000M\000o\000d\000e\000l}{chapter.8}% 391
\BOOKMARK [1][-]{section.8.8}{\376\377\000F\000a\000i\000l\000u\000r\000e\000\040\000C\000o\000n\000t\000a\000i\000n\000m\000e\000n\000t\000\040\000P\000r\000i\000n\000c\000i\000p\000l\000e}{chapter.8}% 392
\BOOKMARK [1][-]{section.8.9}{\376\377\000G\000l\000o\000b\000a\000l\000\040\000F\000a\000i\000l\000u\000r\000e\000\040\000I\000n\000v\000a\000r\000i\000a\000n\000t}{chapter.8}% 393
\BOOKMARK [1][-]{section.8.10}{\376\377\000R\000e\000p\000r\000e\000s\000e\000n\000t\000a\000t\000i\000o\000n\000-\000L\000e\000v\000e\000l\000\040\000F\000a\000i\000l\000u\000r\000e\000s}{chapter.8}% 394
\BOOKMARK [2][-]{subsection.8.10.1}{\376\377\000N\000o\000n\000-\000C\000a\000n\000o\000n\000i\000c\000a\000l\000\040\000E\000n\000c\000o\000d\000i\000n\000g}{section.8.10}% 395
\BOOKMARK [2][-]{subsection.8.10.2}{\376\377\000I\000m\000p\000a\000c\000t}{section.8.10}% 396
\BOOKMARK [2][-]{subsection.8.10.3}{\376\377\000M\000i\000t\000i\000g\000a\000t\000i\000o\000n}{section.8.10}% 397
\BOOKMARK [1][-]{section.8.11}{\376\377\000C\000r\000y\000p\000t\000o\000g\000r\000a\000p\000h\000i\000c\000\040\000F\000a\000i\000l\000u\000r\000e\000s}{chapter.8}% 398
\BOOKMARK [2][-]{subsection.8.11.1}{\376\377\000H\000a\000s\000h\000\040\000C\000o\000l\000l\000i\000s\000i\000o\000n}{section.8.11}% 399
\BOOKMARK [2][-]{subsection.8.11.2}{\376\377\000P\000r\000o\000b\000a\000b\000i\000l\000i\000t\000y}{section.8.11}% 400
\BOOKMARK [2][-]{subsection.8.11.3}{\376\377\000I\000m\000p\000a\000c\000t}{section.8.11}% 401
\BOOKMARK [2][-]{subsection.8.11.4}{\376\377\000M\000i\000t\000i\000g\000a\000t\000i\000o\000n}{section.8.11}% 402
\BOOKMARK [2][-]{subsection.8.11.5}{\376\377\000S\000i\000g\000n\000a\000t\000u\000r\000e\000\040\000F\000o\000r\000g\000e\000r\000y}{section.8.11}% 403
\BOOKMARK [2][-]{subsection.8.11.6}{\376\377\000P\000r\000o\000b\000a\000b\000i\000l\000i\000t\000y}{section.8.11}% 404
\BOOKMARK [1][-]{section.8.12}{\376\377\000D\000i\000s\000t\000r\000i\000b\000u\000t\000e\000d\000\040\000S\000y\000s\000t\000e\000m\000\040\000F\000a\000i\000l\000u\000r\000e\000s}{chapter.8}% 405
\BOOKMARK [2][-]{subsection.8.12.1}{\376\377\000V\000a\000l\000i\000d\000a\000t\000o\000r\000\040\000F\000a\000i\000l\000u\000r\000e}{section.8.12}% 406
\BOOKMARK [2][-]{subsection.8.12.2}{\376\377\000N\000e\000t\000w\000o\000r\000k\000\040\000D\000e\000l\000a\000y}{section.8.12}% 407
\BOOKMARK [2][-]{subsection.8.12.3}{\376\377\000I\000m\000p\000a\000c\000t}{section.8.12}% 408
\BOOKMARK [1][-]{section.8.13}{\376\377\000A\000d\000v\000e\000r\000s\000a\000r\000i\000a\000l\000\040\000F\000a\000i\000l\000u\000r\000e\000s}{chapter.8}% 409
\BOOKMARK [2][-]{subsection.8.13.1}{\376\377\000I\000n\000j\000e\000c\000t\000i\000o\000n\000\040\000A\000t\000t\000e\000m\000p\000t}{section.8.13}% 410
\BOOKMARK [2][-]{subsection.8.13.2}{\376\377\000D\000e\000t\000e\000c\000t\000i\000o\000n}{section.8.13}% 411
\BOOKMARK [1][-]{section.8.14}{\376\377\000O\000p\000e\000r\000a\000t\000i\000o\000n\000a\000l\000\040\000F\000a\000i\000l\000u\000r\000e\000s}{chapter.8}% 412
\BOOKMARK [2][-]{subsection.8.14.1}{\376\377\000S\000t\000o\000r\000a\000g\000e\000\040\000F\000a\000i\000l\000u\000r\000e}{section.8.14}% 413
\BOOKMARK [2][-]{subsection.8.14.2}{\376\377\000M\000i\000t\000i\000g\000a\000t\000i\000o\000n}{section.8.14}% 414
\BOOKMARK [1][-]{section.8.15}{\376\377\000Q\000u\000a\000n\000t\000i\000t\000a\000t\000i\000v\000e\000\040\000R\000i\000s\000k\000\040\000B\000o\000u\000n\000d}{chapter.8}% 415
\BOOKMARK [1][-]{section.8.16}{\376\377\000C\000o\000n\000c\000l\000u\000s\000i\000o\000n}{chapter.8}% 416
\BOOKMARK [1][-]{section.8.17}{\376\377\000C\000o\000m\000p\000o\000n\000e\000n\000t\000-\000L\000e\000v\000e\000l\000\040\000F\000a\000i\000l\000u\000r\000e\000\040\000A\000n\000a\000l\000y\000s\000i\000s\000\040\000a\000n\000d\000\040\000P\000r\000o\000p\000a\000g\000a\000t\000i\000o\000n\000\040\000M\000o\000d\000e\000l\000i\000n\000g}{chapter.8}% 417
\BOOKMARK [1][-]{section.8.18}{\376\377\000C\000o\000m\000p\000o\000n\000e\000n\000t\000\040\000D\000e\000c\000o\000m\000p\000o\000s\000i\000t\000i\000o\000n}{chapter.8}% 418
\BOOKMARK [1][-]{section.8.19}{\376\377\000C\000a\000n\000o\000n\000i\000c\000a\000l\000i\000z\000a\000t\000i\000o\000n\000\040\000C\000o\000m\000p\000o\000n\000e\000n\000t\000\040\000F\000M\000E\000A}{chapter.8}% 419
\BOOKMARK [2][-]{subsection.8.19.1}{\376\377\000F\000a\000i\000l\000u\000r\000e\000\040\000M\000o\000d\000e\000\040\000C\0001\000:\000\040\000N\000o\000n\000-\000D\000e\000t\000e\000r\000m\000i\000n\000i\000s\000t\000i\000c\000\040\000K\000e\000y\000\040\000O\000r\000d\000e\000r\000i\000n\000g}{section.8.19}% 420
\BOOKMARK [2][-]{subsection.8.19.2}{\376\377\000E\000f\000f\000e\000c\000t}{section.8.19}% 421
\BOOKMARK [2][-]{subsection.8.19.3}{\376\377\000S\000e\000v\000e\000r\000i\000t\000y}{section.8.19}% 422
\BOOKMARK [2][-]{subsection.8.19.4}{\376\377\000D\000e\000t\000e\000c\000t\000i\000o\000n}{section.8.19}% 423
\BOOKMARK [2][-]{subsection.8.19.5}{\376\377\000C\000o\000n\000t\000a\000i\000n\000m\000e\000n\000t\000\040\000P\000r\000o\000o\000f}{section.8.19}% 424
\BOOKMARK [1][-]{section.8.20}{\376\377\000H\000a\000s\000h\000i\000n\000g\000\040\000C\000o\000m\000p\000o\000n\000e\000n\000t\000\040\000F\000M\000E\000A}{chapter.8}% 425
\BOOKMARK [2][-]{subsection.8.20.1}{\376\377\000F\000a\000i\000l\000u\000r\000e\000\040\000M\000o\000d\000e\000\040\000H\0001\000:\000\040\000H\000a\000s\000h\000\040\000C\000o\000l\000l\000i\000s\000i\000o\000n}{section.8.20}% 426
\BOOKMARK [2][-]{subsection.8.20.2}{\376\377\000P\000r\000o\000p\000a\000g\000a\000t\000i\000o\000n}{section.8.20}% 427
\BOOKMARK [2][-]{subsection.8.20.3}{\376\377\000P\000r\000o\000b\000a\000b\000i\000l\000i\000t\000y}{section.8.20}% 428
\BOOKMARK [2][-]{subsection.8.20.4}{\376\377\000C\000o\000n\000t\000a\000i\000n\000m\000e\000n\000t}{section.8.20}% 429
\BOOKMARK [1][-]{section.8.21}{\376\377\000L\000i\000n\000e\000a\000g\000e\000\040\000E\000n\000g\000i\000n\000e\000\040\000F\000M\000E\000A}{chapter.8}% 430
\BOOKMARK [2][-]{subsection.8.21.1}{\376\377\000F\000a\000i\000l\000u\000r\000e\000\040\000M\000o\000d\000e\000\040\000L\0001\000:\000\040\000I\000n\000c\000o\000r\000r\000e\000c\000t\000\040\000L\000i\000n\000e\000a\000g\000e\000\040\000U\000p\000d\000a\000t\000e}{section.8.21}% 431
\BOOKMARK [2][-]{subsection.8.21.2}{\376\377\000P\000r\000o\000p\000a\000g\000a\000t\000i\000o\000n}{section.8.21}% 432
\BOOKMARK [2][-]{subsection.8.21.3}{\376\377\000D\000e\000t\000e\000c\000t\000i\000o\000n}{section.8.21}% 433
\BOOKMARK [2][-]{subsection.8.21.4}{\376\377\000C\000o\000n\000t\000a\000i\000n\000m\000e\000n\000t\000\040\000T\000h\000e\000o\000r\000e\000m}{section.8.21}% 434
\BOOKMARK [1][-]{section.8.22}{\376\377\000S\000t\000a\000t\000e\000\040\000B\000i\000n\000d\000i\000n\000g\000\040\000F\000M\000E\000A}{chapter.8}% 435
\BOOKMARK [2][-]{subsection.8.22.1}{\376\377\000F\000a\000i\000l\000u\000r\000e\000\040\000M\000o\000d\000e\000\040\000S\0001\000:\000\040\000I\000n\000c\000o\000r\000r\000e\000c\000t\000\040\000S\000t\000a\000t\000e\000\040\000H\000a\000s\000h}{section.8.22}% 436
\BOOKMARK [2][-]{subsection.8.22.2}{\376\377\000P\000r\000o\000p\000a\000g\000a\000t\000i\000o\000n}{section.8.22}% 437
\BOOKMARK [2][-]{subsection.8.22.3}{\376\377\000D\000e\000t\000e\000c\000t\000i\000o\000n}{section.8.22}% 438
\BOOKMARK [1][-]{section.8.23}{\376\377\000V\000a\000l\000i\000d\000a\000t\000o\000r\000\040\000C\000o\000m\000p\000o\000n\000e\000n\000t\000\040\000F\000M\000E\000A}{chapter.8}% 439
\BOOKMARK [2][-]{subsection.8.23.1}{\376\377\000F\000a\000i\000l\000u\000r\000e\000\040\000M\000o\000d\000e\000\040\000V\0001\000:\000\040\000M\000a\000l\000i\000c\000i\000o\000u\000s\000\040\000V\000a\000l\000i\000d\000a\000t\000o\000r}{section.8.23}% 440
\BOOKMARK [2][-]{subsection.8.23.2}{\376\377\000C\000o\000n\000d\000i\000t\000i\000o\000n}{section.8.23}% 441
\BOOKMARK [2][-]{subsection.8.23.3}{\376\377\000C\000o\000n\000t\000a\000i\000n\000m\000e\000n\000t}{section.8.23}% 442
\BOOKMARK [2][-]{subsection.8.23.4}{\376\377\000F\000a\000i\000l\000u\000r\000e\000\040\000M\000o\000d\000e\000\040\000V\0002\000:\000\040\000V\000a\000l\000i\000d\000a\000t\000o\000r\000\040\000C\000r\000a\000s\000h}{section.8.23}% 443
\BOOKMARK [2][-]{subsection.8.23.5}{\376\377\000I\000m\000p\000a\000c\000t}{section.8.23}% 444
\BOOKMARK [1][-]{section.8.24}{\376\377\000A\000g\000g\000r\000e\000g\000a\000t\000i\000o\000n\000\040\000L\000a\000y\000e\000r\000\040\000F\000M\000E\000A}{chapter.8}% 445
\BOOKMARK [2][-]{subsection.8.24.1}{\376\377\000F\000a\000i\000l\000u\000r\000e\000\040\000M\000o\000d\000e\000\040\000A\0001\000:\000\040\000I\000n\000s\000u\000f\000f\000i\000c\000i\000e\000n\000t\000\040\000S\000i\000g\000n\000a\000t\000u\000r\000e\000s}{section.8.24}% 446
\BOOKMARK [2][-]{subsection.8.24.2}{\376\377\000O\000u\000t\000c\000o\000m\000e}{section.8.24}% 447
\BOOKMARK [2][-]{subsection.8.24.3}{\376\377\000F\000a\000i\000l\000u\000r\000e\000\040\000M\000o\000d\000e\000\040\000A\0002\000:\000\040\000I\000n\000v\000a\000l\000i\000d\000\040\000A\000g\000g\000r\000e\000g\000a\000t\000i\000o\000n}{section.8.24}% 448
\BOOKMARK [2][-]{subsection.8.24.4}{\376\377\000D\000e\000t\000e\000c\000t\000i\000o\000n}{section.8.24}% 449
\BOOKMARK [1][-]{section.8.25}{\376\377\000V\000e\000r\000i\000f\000i\000c\000a\000t\000i\000o\000n\000\040\000E\000n\000g\000i\000n\000e\000\040\000F\000M\000E\000A}{chapter.8}% 450
\BOOKMARK [2][-]{subsection.8.25.1}{\376\377\000F\000a\000i\000l\000u\000r\000e\000\040\000M\000o\000d\000e\000\040\000V\000F\000Y\0001\000:\000\040\000F\000a\000l\000s\000e\000\040\000A\000c\000c\000e\000p\000t\000a\000n\000c\000e}{section.8.25}% 451
\BOOKMARK [2][-]{subsection.8.25.2}{\376\377\000P\000r\000o\000b\000a\000b\000i\000l\000i\000t\000y}{section.8.25}% 452
\BOOKMARK [1][-]{section.8.26}{\376\377\000F\000a\000i\000l\000u\000r\000e\000\040\000P\000r\000o\000p\000a\000g\000a\000t\000i\000o\000n\000\040\000M\000o\000d\000e\000l}{chapter.8}% 453
\BOOKMARK [2][-]{subsection.8.26.1}{\376\377\000P\000r\000o\000p\000a\000g\000a\000t\000i\000o\000n\000\040\000B\000o\000u\000n\000d}{section.8.26}% 454
\BOOKMARK [2][-]{subsection.8.26.2}{\376\377\000C\000o\000n\000t\000a\000i\000n\000m\000e\000n\000t\000\040\000C\000o\000n\000d\000i\000t\000i\000o\000n}{section.8.26}% 455
\BOOKMARK [1][-]{section.8.27}{\376\377\000G\000l\000o\000b\000a\000l\000\040\000C\000o\000n\000t\000a\000i\000n\000m\000e\000n\000t\000\040\000T\000h\000e\000o\000r\000e\000m}{chapter.8}% 456
\BOOKMARK [1][-]{section.8.28}{\376\377\000F\000a\000i\000l\000u\000r\000e\000\040\000I\000s\000o\000l\000a\000t\000i\000o\000n\000\040\000P\000r\000o\000p\000e\000r\000t\000y}{chapter.8}% 457
\BOOKMARK [1][-]{section.8.29}{\376\377\000C\000a\000s\000c\000a\000d\000i\000n\000g\000\040\000F\000a\000i\000l\000u\000r\000e\000\040\000P\000r\000e\000v\000e\000n\000t\000i\000o\000n}{chapter.8}% 458
\BOOKMARK [1][-]{section.8.30}{\376\377\000Q\000u\000a\000n\000t\000i\000t\000a\000t\000i\000v\000e\000\040\000P\000r\000o\000p\000a\000g\000a\000t\000i\000o\000n\000\040\000B\000o\000u\000n\000d}{chapter.8}% 459
\BOOKMARK [1][-]{section.8.31}{\376\377\000C\000o\000n\000c\000l\000u\000s\000i\000o\000n}{chapter.8}% 460
\BOOKMARK [1][-]{section.8.32}{\376\377\000E\000x\000t\000r\000e\000m\000e\000\040\000E\000d\000g\000e\000\040\000C\000a\000s\000e\000s\000,\000\040\000B\000y\000z\000a\000n\000t\000i\000n\000e\000\040\000S\000c\000e\000n\000a\000r\000i\000o\000s\000,\000\040\000a\000n\000d\000\040\000R\000e\000s\000i\000l\000i\000e\000n\000c\000e\000\040\000M\000o\000d\000e\000l\000i\000n\000g}{chapter.8}% 461
\BOOKMARK [1][-]{section.8.33}{\376\377\000E\000x\000t\000r\000e\000m\000e\000\040\000E\000d\000g\000e\000\040\000C\000a\000s\000e\000\040\000M\000o\000d\000e\000l}{chapter.8}% 462
\BOOKMARK [1][-]{section.8.34}{\376\377\000B\000y\000z\000a\000n\000t\000i\000n\000e\000\040\000F\000a\000i\000l\000u\000r\000e\000\040\000M\000o\000d\000e\000l}{chapter.8}% 463
\BOOKMARK [2][-]{subsection.8.34.1}{\376\377\000B\000y\000z\000a\000n\000t\000i\000n\000e\000\040\000C\000a\000p\000a\000b\000i\000l\000i\000t\000y}{section.8.34}% 464
\BOOKMARK [2][-]{subsection.8.34.2}{\376\377\000T\000h\000r\000e\000s\000h\000o\000l\000d\000\040\000C\000o\000n\000d\000i\000t\000i\000o\000n}{section.8.34}% 465
\BOOKMARK [2][-]{subsection.8.34.3}{\376\377\000F\000a\000i\000l\000u\000r\000e\000\040\000C\000o\000n\000d\000i\000t\000i\000o\000n}{section.8.34}% 466
\BOOKMARK [2][-]{subsection.8.34.4}{\376\377\000B\000y\000z\000a\000n\000t\000i\000n\000e\000\040\000C\000o\000l\000l\000a\000p\000s\000e\000\040\000T\000h\000e\000o\000r\000e\000m}{section.8.34}% 467
\BOOKMARK [1][-]{section.8.35}{\376\377\000M\000u\000l\000t\000i\000-\000F\000a\000i\000l\000u\000r\000e\000\040\000I\000n\000t\000e\000r\000a\000c\000t\000i\000o\000n\000\040\000M\000o\000d\000e\000l}{chapter.8}% 468
\BOOKMARK [2][-]{subsection.8.35.1}{\376\377\000J\000o\000i\000n\000t\000\040\000F\000a\000i\000l\000u\000r\000e\000\040\000P\000r\000o\000b\000a\000b\000i\000l\000i\000t\000y}{section.8.35}% 469
\BOOKMARK [2][-]{subsection.8.35.2}{\376\377\000U\000p\000p\000e\000r\000\040\000B\000o\000u\000n\000d}{section.8.35}% 470
\BOOKMARK [1][-]{section.8.36}{\376\377\000W\000o\000r\000s\000t\000-\000C\000a\000s\000e\000\040\000S\000c\000e\000n\000a\000r\000i\000o\000\040\000A\000n\000a\000l\000y\000s\000i\000s}{chapter.8}% 471
\BOOKMARK [2][-]{subsection.8.36.1}{\376\377\000S\000i\000m\000u\000l\000t\000a\000n\000e\000o\000u\000s\000\040\000H\000a\000s\000h\000\040\000C\000o\000l\000l\000i\000s\000i\000o\000n\000\040\000a\000n\000d\000\040\000S\000i\000g\000n\000a\000t\000u\000r\000e\000\040\000F\000o\000r\000g\000e\000r\000y}{section.8.36}% 472
\BOOKMARK [2][-]{subsection.8.36.2}{\376\377\000P\000r\000o\000b\000a\000b\000i\000l\000i\000t\000y}{section.8.36}% 473
\BOOKMARK [2][-]{subsection.8.36.3}{\376\377\000I\000m\000p\000a\000c\000t}{section.8.36}% 474
\BOOKMARK [1][-]{section.8.37}{\376\377\000S\000y\000s\000t\000e\000m\000\040\000C\000o\000l\000l\000a\000p\000s\000e\000\040\000C\000o\000n\000d\000i\000t\000i\000o\000n\000s}{chapter.8}% 475
\BOOKMARK [1][-]{section.8.38}{\376\377\000G\000r\000a\000c\000e\000f\000u\000l\000\040\000D\000e\000g\000r\000a\000d\000a\000t\000i\000o\000n\000\040\000M\000o\000d\000e\000l}{chapter.8}% 476
\BOOKMARK [2][-]{subsection.8.38.1}{\376\377\000L\000i\000v\000e\000n\000e\000s\000s\000\040\000D\000e\000g\000r\000a\000d\000a\000t\000i\000o\000n}{section.8.38}% 477
\BOOKMARK [2][-]{subsection.8.38.2}{\376\377\000S\000a\000f\000e\000t\000y\000\040\000P\000r\000e\000s\000e\000r\000v\000a\000t\000i\000o\000n}{section.8.38}% 478
\BOOKMARK [1][-]{section.8.39}{\376\377\000R\000e\000c\000o\000v\000e\000r\000y\000\040\000M\000e\000c\000h\000a\000n\000i\000s\000m\000s}{chapter.8}% 479
\BOOKMARK [2][-]{subsection.8.39.1}{\376\377\000V\000a\000l\000i\000d\000a\000t\000o\000r\000\040\000R\000e\000c\000o\000v\000e\000r\000y}{section.8.39}% 480
\BOOKMARK [2][-]{subsection.8.39.2}{\376\377\000S\000t\000a\000t\000e\000\040\000R\000e\000c\000o\000n\000s\000t\000r\000u\000c\000t\000i\000o\000n}{section.8.39}% 481
\BOOKMARK [2][-]{subsection.8.39.3}{\376\377\000R\000e\000p\000l\000a\000y\000\040\000R\000e\000c\000o\000v\000e\000r\000y}{section.8.39}% 482
\BOOKMARK [1][-]{section.8.40}{\376\377\000R\000e\000s\000i\000l\000i\000e\000n\000c\000e\000\040\000T\000h\000e\000o\000r\000e\000m}{chapter.8}% 483
\BOOKMARK [1][-]{section.8.41}{\376\377\000L\000o\000n\000g\000-\000T\000e\000r\000m\000\040\000S\000t\000a\000b\000i\000l\000i\000t\000y}{chapter.8}% 484
\BOOKMARK [1][-]{section.8.42}{\376\377\000A\000d\000v\000e\000r\000s\000a\000r\000i\000a\000l\000\040\000S\000a\000t\000u\000r\000a\000t\000i\000o\000n\000\040\000S\000c\000e\000n\000a\000r\000i\000o}{chapter.8}% 485
\BOOKMARK [2][-]{subsection.8.42.1}{\376\377\000B\000o\000u\000n\000d}{section.8.42}% 486
\BOOKMARK [1][-]{section.8.43}{\376\377\000G\000l\000o\000b\000a\000l\000\040\000R\000e\000s\000i\000l\000i\000e\000n\000c\000e\000\040\000I\000n\000v\000a\000r\000i\000a\000n\000t}{chapter.8}% 487
\BOOKMARK [1][-]{section.8.44}{\376\377\000S\000a\000f\000e\000t\000y\000\040\000v\000s\000\040\000C\000o\000l\000l\000a\000p\000s\000e\000\040\000B\000o\000u\000n\000d\000a\000r\000y}{chapter.8}% 488
\BOOKMARK [1][-]{section.8.45}{\376\377\000F\000o\000r\000m\000a\000l\000\040\000S\000a\000f\000e\000t\000y\000\040\000E\000n\000v\000e\000l\000o\000p\000e}{chapter.8}% 489
\BOOKMARK [1][-]{section.8.46}{\376\377\000C\000o\000n\000c\000l\000u\000s\000i\000o\000n}{chapter.8}% 490
\BOOKMARK [0][-]{chapter.9}{\376\377\000I\000n\000f\000r\000a\000s\000t\000r\000u\000c\000t\000u\000r\000e\000\040\000P\000r\000o\000f\000i\000l\000e\000s}{}% 491
\BOOKMARK [0][-]{chapter.10}{\376\377\000S\000R\000E\000\040\000R\000u\000n\000b\000o\000o\000k\000s}{}% 492
\BOOKMARK [0][-]{chapter.11}{\376\377\000P\000e\000r\000f\000o\000r\000m\000a\000n\000c\000e\000\040\000\046\000\040\000C\000o\000s\000t\000\040\000A\000n\000a\000l\000y\000s\000i\000s}{}% 493
\BOOKMARK [0][-]{chapter.12}{\376\377\000T\000h\000e\000o\000r\000e\000t\000i\000c\000a\000l\000\040\000F\000o\000u\000n\000d\000a\000t\000i\000o\000n\000s}{}% 494
\BOOKMARK [0][-]{chapter.13}{\376\377\000A\000p\000p\000l\000i\000c\000a\000t\000i\000o\000n\000s}{}% 495
\BOOKMARK [0][-]{chapter.14}{\376\377\000C\000l\000a\000i\000m\000s\000\040\000a\000n\000d\000\040\000N\000o\000v\000e\000l\000t\000y}{}% 496
\BOOKMARK [0][-]{chapter.15}{\376\377\000A\000p\000p\000e\000n\000d\000i\000x\000\040\000A\000:\000\040\000M\000a\000t\000h\000e\000m\000a\000t\000i\000c\000\040\000P\000r\000o\000o\000f\000s\000\040\000a\000n\000d\000\040\000C\000o\000n\000g\000n\000i\000z\000i\000t\000i\000o\000n\000s}{}% 497
\BOOKMARK [0][-]{chapter.16}{\376\377\000A\000p\000p\000e\000n\000d\000i\000x\000\040\000B\000:\000\040\000C\000o\000d\000e\000\040\000L\000i\000s\000t\000i\000n\000g\000s\000\040\000a\000n\000d\000\040\000A\000l\000g\000o\000r\000i\000t\000h\000m\000i\000c\000\040\000A\000p\000p\000r\000o\000a\000c\000h\000e\000s}{}% 498
\BOOKMARK [0][-]{chapter.17}{\376\377\000A\000p\000p\000e\000n\000d\000i\000x\000\040\000C\000:\000\040\000P\000r\000o\000t\000o\000c\000o\000l\000\040\000C\000o\000n\000s\000t\000a\000n\000t\000s}{}% 499
